[    0.000000] Initializing cgroup subsys cpuset
[    0.000000] Initializing cgroup subsys cpu
[    0.000000] Initializing cgroup subsys cpuacct
[    0.000000] Linux version 4.4.0-112-generic (buildd@lgw01-amd64-010) (gcc version 5.4.0 20160609 (Ubuntu 5.4.0-6ubuntu1~16.04.5) ) #135-Ubuntu SMP Fri Jan 19 11:48:36 UTC 2018 (Ubuntu 4.4.0-112.135-generic 4.4.98)
[    0.000000] Command line: BOOT_IMAGE=/boot/vmlinuz-4.4.0-112-generic root=LABEL=cloudimg-rootfs ro console=tty1 console=ttyS0
[    0.000000] KERNEL supported cpus:
[    0.000000]   Intel GenuineIntel
[    0.000000]   AMD AuthenticAMD
[    0.000000]   Centaur CentaurHauls
[    0.000000] x86/fpu: xstate_offset[2]:  576, xstate_sizes[2]:  256
[    0.000000] x86/fpu: Supporting XSAVE feature 0x01: 'x87 floating point registers'
[    0.000000] x86/fpu: Supporting XSAVE feature 0x02: 'SSE registers'
[    0.000000] x86/fpu: Supporting XSAVE feature 0x04: 'AVX registers'
[    0.000000] x86/fpu: Enabled xstate features 0x7, context size is 832 bytes, using 'standard' format.
[    0.000000] x86/fpu: Using 'lazy' FPU context switches.
[    0.000000] e820: BIOS-provided physical RAM map:
[    0.000000] BIOS-e820: [mem 0x0000000000000000-0x000000000009fbff] usable
[    0.000000] BIOS-e820: [mem 0x000000000009fc00-0x000000000009ffff] reserved
[    0.000000] BIOS-e820: [mem 0x00000000000f0000-0x00000000000fffff] reserved
[    0.000000] BIOS-e820: [mem 0x0000000000100000-0x000000003ffeffff] usable
[    0.000000] BIOS-e820: [mem 0x000000003fff0000-0x000000003fffffff] ACPI data
[    0.000000] BIOS-e820: [mem 0x00000000fec00000-0x00000000fec00fff] reserved
[    0.000000] BIOS-e820: [mem 0x00000000fee00000-0x00000000fee00fff] reserved
[    0.000000] BIOS-e820: [mem 0x00000000fffc0000-0x00000000ffffffff] reserved
[    0.000000] NX (Execute Disable) protection: active
[    0.000000] SMBIOS 2.5 present.
[    0.000000] Hypervisor detected: KVM
[    0.000000] e820: last_pfn = 0x3fff0 max_arch_pfn = 0x400000000
[    0.000000] MTRR: Disabled
[    0.000000] x86/PAT: MTRRs disabled, skipping PAT initialization too.
[    0.000000] CPU MTRRs all blank - virtualized system.
[    0.000000] x86/PAT: Configuration [0-7]: WB  WT  UC- UC  WB  WT  UC- UC  
[    0.000000] found SMP MP-table at [mem 0x0009fff0-0x0009ffff] mapped at [ffff88000009fff0]
[    0.000000] Scanning 1 areas for low memory corruption
[    0.000000] RAMDISK: [mem 0x36adc000-0x37565fff]
[    0.000000] ACPI: Early table checksum verification disabled
[    0.000000] ACPI: RSDP 0x00000000000E0000 000024 (v02 VBOX  )
[    0.000000] ACPI: XSDT 0x000000003FFF0030 00003C (v01 VBOX   VBOXXSDT 00000001 ASL  00000061)
[    0.000000] ACPI: FACP 0x000000003FFF00F0 0000F4 (v04 VBOX   VBOXFACP 00000001 ASL  00000061)
[    0.000000] ACPI: DSDT 0x000000003FFF0470 0021FF (v02 VBOX   VBOXBIOS 00000002 INTL 20100528)
[    0.000000] ACPI: FACS 0x000000003FFF0200 000040
[    0.000000] ACPI: FACS 0x000000003FFF0200 000040
[    0.000000] ACPI: APIC 0x000000003FFF0240 00005C (v02 VBOX   VBOXAPIC 00000001 ASL  00000061)
[    0.000000] ACPI: SSDT 0x000000003FFF02A0 0001CC (v01 VBOX   VBOXCPUT 00000002 INTL 20100528)
[    0.000000] No NUMA configuration found
[    0.000000] Faking a node at [mem 0x0000000000000000-0x000000003ffeffff]
[    0.000000] NODE_DATA(0) allocated [mem 0x3ffeb000-0x3ffeffff]
[    0.000000] kvm-clock: Using msrs 4b564d01 and 4b564d00
[    0.000000] kvm-clock: cpu 0, msr 0:3ffe3001, primary cpu clock
[    0.000000] kvm-clock: using sched offset of 7736718422 cycles
[    0.000000] clocksource: kvm-clock: mask: 0xffffffffffffffff max_cycles: 0x1cd42e4dffb, max_idle_ns: 881590591483 ns
[    0.000000] Zone ranges:
[    0.000000]   DMA      [mem 0x0000000000001000-0x0000000000ffffff]
[    0.000000]   DMA32    [mem 0x0000000001000000-0x000000003ffeffff]
[    0.000000]   Normal   empty
[    0.000000]   Device   empty
[    0.000000] Movable zone start for each node
[    0.000000] Early memory node ranges
[    0.000000]   node   0: [mem 0x0000000000001000-0x000000000009efff]
[    0.000000]   node   0: [mem 0x0000000000100000-0x000000003ffeffff]
[    0.000000] Initmem setup node 0 [mem 0x0000000000001000-0x000000003ffeffff]
[    0.000000] ACPI: PM-Timer IO Port: 0x4008
[    0.000000] IOAPIC[0]: apic_id 2, version 32, address 0xfec00000, GSI 0-23
[    0.000000] ACPI: INT_SRC_OVR (bus 0 bus_irq 0 global_irq 2 dfl dfl)
[    0.000000] ACPI: INT_SRC_OVR (bus 0 bus_irq 9 global_irq 9 low level)
[    0.000000] Using ACPI (MADT) for SMP configuration information
[    0.000000] smpboot: Allowing 2 CPUs, 0 hotplug CPUs
[    0.000000] PM: Registered nosave memory: [mem 0x00000000-0x00000fff]
[    0.000000] PM: Registered nosave memory: [mem 0x0009f000-0x0009ffff]
[    0.000000] PM: Registered nosave memory: [mem 0x000a0000-0x000effff]
[    0.000000] PM: Registered nosave memory: [mem 0x000f0000-0x000fffff]
[    0.000000] e820: [mem 0x40000000-0xfebfffff] available for PCI devices
[    0.000000] Booting paravirtualized kernel on KVM
[    0.000000] clocksource: refined-jiffies: mask: 0xffffffff max_cycles: 0xffffffff, max_idle_ns: 7645519600211568 ns
[    0.000000] setup_percpu: NR_CPUS:512 nr_cpumask_bits:512 nr_cpu_ids:2 nr_node_ids:1
[    0.000000] PERCPU: Embedded 34 pages/cpu @ffff88003fc00000 s99544 r8192 d31528 u1048576
[    0.000000] PV qspinlock hash table entries: 256 (order: 0, 4096 bytes)
[    0.000000] Built 1 zonelists in Node order, mobility grouping on.  Total pages: 257913
[    0.000000] Policy zone: DMA32
[    0.000000] Kernel command line: BOOT_IMAGE=/boot/vmlinuz-4.4.0-112-generic root=LABEL=cloudimg-rootfs ro console=tty1 console=ttyS0
[    0.000000] PID hash table entries: 4096 (order: 3, 32768 bytes)
[    0.000000] Memory: 1001740K/1048120K available (8499K kernel code, 1309K rwdata, 3988K rodata, 1508K init, 1316K bss, 46380K reserved, 0K cma-reserved)
[    0.000000] SLUB: HWalign=64, Order=0-3, MinObjects=0, CPUs=2, Nodes=1
[    0.000000] Kernel/User page tables isolation: enabled
[    0.000000] Hierarchical RCU implementation.
[    0.000000] 	Build-time adjustment of leaf fanout to 64.
[    0.000000] 	RCU restricting CPUs from NR_CPUS=512 to nr_cpu_ids=2.
[    0.000000] RCU: Adjusting geometry for rcu_fanout_leaf=64, nr_cpu_ids=2
[    0.000000] NR_IRQS:33024 nr_irqs:440 16
[    0.000000] Console: colour VGA+ 80x25
[    0.000000] console [tty1] enabled
[    0.000000] console [ttyS0] enabled
[    0.000000] tsc: Detected 2494.226 MHz processor
[    0.988340] Calibrating delay loop (skipped) preset value.. 4988.45 BogoMIPS (lpj=9976904)
[    1.000215] pid_max: default: 32768 minimum: 301
[    1.005963] ACPI: Core revision 20150930
[    1.015982] ACPI: 2 ACPI AML tables successfully acquired and loaded
[    1.024065] Security Framework initialized
[    1.029618] Yama: becoming mindful.
[    1.034303] AppArmor: AppArmor initialized
[    1.040040] Dentry cache hash table entries: 131072 (order: 8, 1048576 bytes)
[    1.056786] Inode-cache hash table entries: 65536 (order: 7, 524288 bytes)
[    1.065063] Mount-cache hash table entries: 2048 (order: 2, 16384 bytes)
[    1.072891] Mountpoint-cache hash table entries: 2048 (order: 2, 16384 bytes)
[    1.081027] Initializing cgroup subsys io
[    1.086787] Initializing cgroup subsys memory
[    1.092002] Initializing cgroup subsys devices
[    1.097607] Initializing cgroup subsys freezer
[    1.103286] Initializing cgroup subsys net_cls
[    1.109238] Initializing cgroup subsys perf_event
[    1.115095] Initializing cgroup subsys net_prio
[    1.120484] Initializing cgroup subsys hugetlb
[    1.126920] Initializing cgroup subsys pids
[    1.132610] CPU: Physical Processor ID: 0
[    1.137684] CPU: Processor Core ID: 0
[    1.142819] FEATURE SPEC_CTRL Not Present
[    1.149185] mce: CPU supports 0 MCE banks
[    1.154586] Last level iTLB entries: 4KB 1024, 2MB 1024, 4MB 1024
[    1.161753] Last level dTLB entries: 4KB 1024, 2MB 1024, 4MB 1024, 1GB 4
[    1.181598] Freeing SMP alternatives memory: 32K
[    1.233153] ftrace: allocating 32180 entries in 126 pages
[    1.462384] smpboot: APIC(0) Converting physical 0 to logical package 0
[    1.469681] smpboot: Max logical packages: 1
[    1.476404] x2apic enabled
[    1.481697] Switched APIC routing to physical x2apic.
[    1.493060] ..TIMER: vector=0x30 apic1=0 pin1=2 apic2=-1 pin2=-1
[    1.606531] smpboot: CPU0: Intel(R) Core(TM) i5-4300U CPU @ 1.90GHz (family: 0x6, model: 0x45, stepping: 0x1)
[    1.620741] Performance Events: unsupported p6 CPU model 69 no PMU driver, software events only.
[    1.634139] KVM setup paravirtual spinlock
[    1.642068] x86: Booting SMP configuration:
[    1.648440] .... node  #0, CPUs:      #1
[    1.655174] kvm-clock: cpu 1, msr 0:3ffe3041, secondary cpu clock
[    1.663209] mce: CPU supports 0 MCE banks
[    1.677411] x86: Booted up 1 node, 2 CPUs
[    1.685479] smpboot: Total of 2 processors activated (9976.90 BogoMIPS)
[    1.700137] devtmpfs: initialized
[    1.725935] evm: security.selinux
[    1.731050] evm: security.SMACK64
[    1.735226] evm: security.SMACK64EXEC
[    1.739872] evm: security.SMACK64TRANSMUTE
[    1.746234] evm: security.SMACK64MMAP
[    1.751384] evm: security.ima
[    1.755416] evm: security.capability
[    1.761086] clocksource: jiffies: mask: 0xffffffff max_cycles: 0xffffffff, max_idle_ns: 7645041785100000 ns
[    1.772180] futex hash table entries: 512 (order: 3, 32768 bytes)
[    1.779588] pinctrl core: initialized pinctrl subsystem
[    1.785783] RTC time: 10:28:22, date: 03/17/18
[    1.791350] NET: Registered protocol family 16
[    1.812820] cpuidle: using governor ladder
[    1.829235] cpuidle: using governor menu
[    1.834432] PCCT header not found.
[    1.839105] ACPI: bus type PCI registered
[    1.843938] acpiphp: ACPI Hot Plug PCI Controller Driver version: 0.5
[    1.851514] PCI: Using configuration type 1 for base access
[    1.879771] ACPI: Added _OSI(Module Device)
[    1.889175] ACPI: Added _OSI(Processor Device)
[    1.894558] ACPI: Added _OSI(3.0 _SCP Extensions)
[    1.900102] ACPI: Added _OSI(Processor Aggregator Device)
[    1.909396] ACPI: Executed 1 blocks of module-level executable AML code
[    1.925930] ACPI: Interpreter enabled
[    1.931062] ACPI: (supports S0 S5)
[    1.936022] ACPI: Using IOAPIC for interrupt routing
[    1.942681] PCI: Using host bridge windows from ACPI; if necessary, use "pci=nocrs" and report a bug
[    1.970006] ACPI: PCI Root Bridge [PCI0] (domain 0000 [bus 00-ff])
[    1.978096] acpi PNP0A03:00: _OSC: OS supports [ASPM ClockPM Segments MSI]
[    1.987166] acpi PNP0A03:00: _OSC: not requesting OS control; OS requires [ExtendedConfig ASPM ClockPM MSI]
[    2.000020] acpi PNP0A03:00: fail to add MMCONFIG information, can't access extended PCI configuration space under this bridge.
[    2.015326] PCI host bridge to bus 0000:00
[    2.020472] pci_bus 0000:00: root bus resource [io  0x0000-0x0cf7 window]
[    2.027557] pci_bus 0000:00: root bus resource [io  0x0d00-0xffff window]
[    2.035919] pci_bus 0000:00: root bus resource [mem 0x000a0000-0x000bffff window]
[    2.045438] pci_bus 0000:00: root bus resource [mem 0x40000000-0xfdffffff window]
[    2.054986] pci_bus 0000:00: root bus resource [bus 00-ff]
[    2.072364] pci 0000:00:01.1: legacy IDE quirk: reg 0x10: [io  0x01f0-0x01f7]
[    2.080157] pci 0000:00:01.1: legacy IDE quirk: reg 0x14: [io  0x03f6]
[    2.087656] pci 0000:00:01.1: legacy IDE quirk: reg 0x18: [io  0x0170-0x0177]
[    2.095653] pci 0000:00:01.1: legacy IDE quirk: reg 0x1c: [io  0x0376]
[    2.155280] pci 0000:00:07.0: quirk: [io  0x4000-0x403f] claimed by PIIX4 ACPI
[    2.213232] pci 0000:00:07.0: quirk: [io  0x4100-0x410f] claimed by PIIX4 SMB
[    2.258124] ACPI: PCI Interrupt Link [LNKA] (IRQs 5 9 10 *11)
[    2.268076] ACPI: PCI Interrupt Link [LNKB] (IRQs 5 9 *10 11)
[    2.277851] ACPI: PCI Interrupt Link [LNKC] (IRQs 5 *9 10 11)
[    2.287972] ACPI: PCI Interrupt Link [LNKD] (IRQs 5 9 10 *11)
[    2.297978] ACPI: Enabled 2 GPEs in block 00 to 07
[    2.305433] vgaarb: setting as boot device: PCI:0000:00:02.0
[    2.311817] vgaarb: device added: PCI:0000:00:02.0,decodes=io+mem,owns=io+mem,locks=none
[    2.321785] vgaarb: loaded
[    2.326016] vgaarb: bridge control possible 0000:00:02.0
[    2.333483] SCSI subsystem initialized
[    2.338546] ACPI: bus type USB registered
[    2.343372] usbcore: registered new interface driver usbfs
[    2.349745] usbcore: registered new interface driver hub
[    2.356081] usbcore: registered new device driver usb
[    2.368670] PCI: Using ACPI for IRQ routing
[    2.375662] NetLabel: Initializing
[    2.380755] NetLabel:  domain hash size = 128
[    2.386134] NetLabel:  protocols = UNLABELED CIPSOv4
[    2.391927] NetLabel:  unlabeled traffic allowed by default
[    2.398587] amd_nb: Cannot enumerate AMD northbridges
[    2.404609] clocksource: Switched to clocksource kvm-clock
[    2.439405] AppArmor: AppArmor Filesystem Enabled
[    2.445205] pnp: PnP ACPI init
[    2.453548] pnp: PnP ACPI: found 3 devices
[    2.467038] clocksource: acpi_pm: mask: 0xffffff max_cycles: 0xffffff, max_idle_ns: 2085701024 ns
[    2.478104] NET: Registered protocol family 2
[    2.483928] TCP established hash table entries: 8192 (order: 4, 65536 bytes)
[    2.492304] TCP bind hash table entries: 8192 (order: 5, 131072 bytes)
[    2.499743] TCP: Hash tables configured (established 8192 bind 8192)
[    2.506646] UDP hash table entries: 512 (order: 2, 16384 bytes)
[    2.513274] UDP-Lite hash table entries: 512 (order: 2, 16384 bytes)
[    2.520690] NET: Registered protocol family 1
[    2.526038] pci 0000:00:00.0: Limiting direct PCI/PCI transfers
[    2.535503] pci 0000:00:01.0: Activating ISA DMA hang workarounds
[    2.543908] Unpacking initramfs...
[   10.261776] Freeing initrd memory: 10792K
[   10.269581] RAPL PMU detected, API unit is 2^-32 Joules, 4 fixed counters 10737418240 ms ovfl timer
[   10.280168] hw unit of domain pp0-core 2^-0 Joules
[   10.286035] hw unit of domain package 2^-0 Joules
[   10.291659] hw unit of domain dram 2^-0 Joules
[   10.297729] hw unit of domain pp1-gpu 2^-0 Joules
[   10.303783] platform rtc_cmos: registered platform RTC device (no PNP device found)
[   10.313744] Scanning for low memory corruption every 60 seconds
[   10.321920] audit: initializing netlink subsys (disabled)
[   10.328382] audit: type=2000 audit(1521282518.789:1): initialized
[   10.336696] Initialise system trusted keyring
[   10.342681] HugeTLB registered 2 MB page size, pre-allocated 0 pages
[   10.354255] zbud: loaded
[   10.358670] VFS: Disk quotas dquot_6.6.0
[   10.363771] VFS: Dquot-cache hash table entries: 512 (order 0, 4096 bytes)
[   10.373932] squashfs: version 4.0 (2009/01/31) Phillip Lougher
[   10.381365] fuse init (API version 7.23)
[   10.386618] Key type big_key registered
[   10.391902] Allocating IMA MOK and blacklist keyrings.
[   10.401754] Key type asymmetric registered
[   10.406892] Asymmetric key parser 'x509' registered
[   10.414845] Block layer SCSI generic (bsg) driver version 0.4 loaded (major 249)
[   10.425197] io scheduler noop registered
[   10.430380] io scheduler deadline registered (default)
[   10.438122] io scheduler cfq registered
[   10.444094] pci_hotplug: PCI Hot Plug PCI Core version: 0.5
[   10.450372] pciehp: PCI Express Hot Plug Controller Driver version: 0.4
[   10.458442] ACPI: AC Adapter [AC] (on-line)
[   10.463949] input: Power Button as /devices/LNXSYSTM:00/LNXPWRBN:00/input/input0
[   10.473093] ACPI: Power Button [PWRF]
[   10.478370] input: Sleep Button as /devices/LNXSYSTM:00/LNXSLPBN:00/input/input1
[   10.487460] ACPI: Sleep Button [SLPF]
[   10.493582] GHES: HEST is not enabled!
[   10.497467] ACPI: Battery Slot [BAT0] (battery present)
[   10.505847] Serial: 8250/16550 driver, 32 ports, IRQ sharing enabled
[   10.549733] 00:02: ttyS0 at I/O 0x3f8 (irq = 4, base_baud = 115200) is a 16550A
[   10.561998] Linux agpgart interface v0.103
[   10.572607] loop: module loaded
[   10.579253] scsi host0: ata_piix
[   10.584201] scsi host1: ata_piix
[   10.588790] ata1: PATA max UDMA/33 cmd 0x1f0 ctl 0x3f6 bmdma 0xd000 irq 14
[   10.596122] ata2: PATA max UDMA/33 cmd 0x170 ctl 0x376 bmdma 0xd008 irq 15
[   10.608510] libphy: Fixed MDIO Bus: probed
[   10.613635] tun: Universal TUN/TAP device driver, 1.6
[   10.620019] tun: (C) 1999-2004 Max Krasnyansky <maxk@qualcomm.com>
[   10.627273] PPP generic driver version 2.4.2
[   10.632613] ehci_hcd: USB 2.0 'Enhanced' Host Controller (EHCI) Driver
[   10.640612] ehci-pci: EHCI PCI platform driver
[   10.646089] ehci-platform: EHCI generic platform driver
[   10.652354] ohci_hcd: USB 1.1 'Open' Host Controller (OHCI) Driver
[   10.660477] ohci-pci: OHCI PCI platform driver
[   10.665856] ohci-platform: OHCI generic platform driver
[   10.672130] uhci_hcd: USB Universal Host Controller Interface driver
[   10.679642] i8042: PNP: PS/2 Controller [PNP0303:PS2K,PNP0f03:PS2M] at 0x60,0x64 irq 1,12
[   10.691402] serio: i8042 KBD port at 0x60,0x64 irq 1
[   10.697241] serio: i8042 AUX port at 0x60,0x64 irq 12
[   10.705914] mousedev: PS/2 mouse device common for all mice
[   10.715332] input: AT Translated Set 2 keyboard as /devices/platform/i8042/serio0/input/input2
[   10.727587] rtc_cmos rtc_cmos: rtc core: registered rtc_cmos as rtc0
[   10.736466] rtc_cmos rtc_cmos: alarms up to one day, 114 bytes nvram
[   10.743561] i2c /dev entries driver
[   10.748195] device-mapper: uevent: version 1.0.3
[   10.755047] device-mapper: ioctl: 4.34.0-ioctl (2015-10-28) initialised: dm-devel@redhat.com
[   10.765670] ledtrig-cpu: registered to indicate activity on CPUs
[   10.774680] NET: Registered protocol family 10
[   10.781404] NET: Registered protocol family 17
[   10.786795] Key type dns_resolver registered
[   10.795847] microcode: CPU0 sig=0x40651, pf=0x40, revision=0x0
[   10.803492] microcode: CPU1 sig=0x40651, pf=0x40, revision=0x0
[   10.813777] microcode: Microcode Update Driver: v2.01 <tigran@aivazian.fsnet.co.uk>, Peter Oruba
[   10.826585] registered taskstats version 1
[   10.832174] Loading compiled-in X.509 certificates
[   10.841342] Loaded X.509 cert 'Build time autogenerated kernel key: 4c603087bab8f0a02cb3b4e1fb4c40f507e71ef1'
[   10.855272] zswap: loaded using pool lzo/zbud
[   10.865762] Key type trusted registered
[   10.881696] Key type encrypted registered
[   10.888150] AppArmor: AppArmor sha1 policy hashing enabled
[   10.896828] ima: No TPM chip found, activating TPM-bypass!
[   10.905009] evm: HMAC attrs: 0x1
[   10.911664]   Magic number: 10:244:477
[   10.917068] rtc_cmos rtc_cmos: setting system clock to 2018-03-17 10:28:31 UTC (1521282511)
[   10.928921] BIOS EDD facility v0.16 2004-Jun-25, 0 devices found
[   10.937156] EDD information not available.
[   10.952705] Freeing unused kernel memory: 1508K
[   10.960192] Write protecting the kernel read-only data: 14336k
[   10.970510] Freeing unused kernel memory: 1728K
[   10.977863] Freeing unused kernel memory: 108K
Loading, please wait...
starting version 229
[   11.018548] random: systemd-udevd: uninitialized urandom read (16 bytes read, 3 bits of entropy available)
[   11.018857] random: udevadm: uninitialized urandom read (16 bytes read, 3 bits of entropy available)
[   11.018903] random: udevadm: uninitialized urandom read (16 bytes read, 3 bits of entropy available)
[   11.044293] random: udevadm: uninitialized urandom read (16 bytes read, 3 bits of entropy available)
[   11.044381] random: udevadm: uninitialized urandom read (16 bytes read, 3 bits of entropy available)
[   11.044796] random: udevadm: uninitialized urandom read (16 bytes read, 3 bits of entropy available)
[   11.044916] random: udevadm: uninitialized urandom read (16 bytes read, 3 bits of entropy available)
[   11.045032] random: udevadm: uninitialized urandom read (16 bytes read, 3 bits of entropy available)
[   11.045298] random: udevadm: uninitialized urandom read (16 bytes read, 3 bits of entropy available)
[   11.045424] random: udevadm: uninitialized urandom read (16 bytes read, 3 bits of entropy available)
[   11.217798] e1000: Intel(R) PRO/1000 Network Driver - version 7.3.21-k8-NAPI
[   11.227705] e1000: Copyright (c) 1999-2006 Intel Corporation.
[   11.246773] Fusion MPT base driver 3.04.20
[   11.252979] Copyright (c) 1999-2008 LSI Corporation
[   11.314852] AVX2 version of gcm_enc/dec engaged.
[   11.321273] AES CTR mode by8 optimization enabled
[   11.332140] Fusion MPT SPI Host driver 3.04.20
[   11.527088] input: ImExPS/2 Generic Explorer Mouse as /devices/platform/i8042/serio1/input/input4
[   12.295182] e1000 0000:00:03.0 eth0: (PCI:33MHz:32-bit) 02:1f:2a:60:99:e3
[   12.302747] e1000 0000:00:03.0 eth0: Intel(R) PRO/1000 Network Connection
[   13.299580] e1000 0000:00:08.0 eth1: (PCI:33MHz:32-bit) 08:00:27:53:26:f1
[   13.314535] e1000 0000:00:08.0 eth1: Intel(R) PRO/1000 Network Connection
[   13.327305] e1000 0000:00:03.0 enp0s3: renamed from eth0
[   13.334634] mptbase: ioc0: Initiating bringup
[   13.345610] e1000 0000:00:08.0 enp0s8: renamed from eth1
[   13.407665] ioc0: LSI53C1030 A0: Capabilities={Initiator}
[   14.242397] floppy0: no floppy controllers found
[   14.286247] scsi host2: ioc0: LSI53C1030 A0, FwRev=00000000h, Ports=1, MaxQ=256, IRQ=20
[   15.187733] scsi 2:0:0:0: Direct-Access     VBOX     HARDDISK         1.0  PQ: 0 ANSI: 5
[   15.221032] scsi target2:0:0: Beginning Domain Validation
[   15.280763] scsi target2:0:0: Domain Validation skipping write tests
[   15.288649] scsi target2:0:0: Ending Domain Validation
[   15.296076] scsi target2:0:0: asynchronous
[   15.303023] scsi 2:0:1:0: Direct-Access     VBOX     HARDDISK         1.0  PQ: 0 ANSI: 5
[   15.313170] scsi target2:0:1: Beginning Domain Validation
[   15.325133] scsi target2:0:1: Domain Validation skipping write tests
[   15.332706] scsi target2:0:1: Ending Domain Validation
[   15.338964] scsi target2:0:1: asynchronous
[   15.363343] sd 2:0:0:0: [sda] 20971520 512-byte logical blocks: (10.7 GB/10.0 GiB)
[   15.363758] sd 2:0:0:0: Attached scsi generic sg0 type 0
[   15.365313] sd 2:0:1:0: Attached scsi generic sg1 type 0
[   15.387041] sd 2:0:1:0: [sdb] 20480 512-byte logical blocks: (10.5 MB/10.0 MiB)
[   15.387413] sd 2:0:0:0: [sda] Write Protect is off
[   15.387728] sd 2:0:0:0: [sda] Incomplete mode parameter data
[   15.387733] sd 2:0:0:0: [sda] Assuming drive cache: write through
[   15.415136]  sda: sda1
[   15.417532] sd 2:0:0:0: [sda] Attached SCSI disk
[   15.452298] sd 2:0:1:0: [sdb] Write Protect is off
[   15.459318] sd 2:0:1:0: [sdb] Incomplete mode parameter data
[   15.466474] sd 2:0:1:0: [sdb] Assuming drive cache: write through
[   15.481432] sd 2:0:1:0: [sdb] Attached SCSI disk
Begin: Loading essential drivers ... [   18.182972] md: linear personality registered for level -1
[   18.194762] md: multipath personality registered for level -4
[   18.207395] md: raid0 personality registered for level 0
[   18.220479] md: raid1 personality registered for level 1
[   18.304737] raid6: sse2x1   gen()  2007 MB/s
[   18.377084] raid6: sse2x1   xor()  1416 MB/s
[   18.448988] raid6: sse2x2   gen()  3479 MB/s
[   18.520803] raid6: sse2x2   xor()  2132 MB/s
[   18.593152] raid6: sse2x4   gen()  5526 MB/s
[   18.664684] raid6: sse2x4   xor()  2669 MB/s
[   18.733373] raid6: avx2x1   gen()  3958 MB/s
[   18.804813] raid6: avx2x2   gen()  8321 MB/s
[   18.876695] raid6: avx2x4   gen() 10664 MB/s
[   18.882375] raid6: using algorithm avx2x4 gen() 10664 MB/s
[   18.888795] raid6: using avx2x2 recovery algorithm
[   18.897972] xor: automatically using best checksumming function:
[   18.944714]    avx       : 10043.000 MB/sec
[   18.953346] async_tx: api initialized (async)
[   18.980798] md: raid6 personality registered for level 6
[   19.000489] md: raid5 personality registered for level 5
[   19.007163] md: raid4 personality registered for level 4
[   19.028157] md: raid10 personality registered for level 10
done.
Begin: Running /scripts/init-premount ... done.
Begin: Mounting root file system ... Begin: Running /scripts/local-top ... done.
Begin: Running /scripts/local-premount ... [   19.141165] Btrfs loaded
Scanning for Btrfs filesystems
done.
Warning: fsck not present, so skipping root file system
[   19.214166] EXT4-fs (sda1): mounted filesystem with ordered data mode. Opts: (null)
done.
Begin: Running /scripts/local-bottom ... done.
Begin: Running /scripts/init-bottom ... done.
[   19.438105] systemd[1]: systemd 229 running in system mode. (+PAM +AUDIT +SELINUX +IMA +APPARMOR +SMACK +SYSVINIT +UTMP +LIBCRYPTSETUP +GCRYPT +GNUTLS +ACL +XZ -LZ4 +SECCOMP +BLKID +ELFUTILS +KMOD -IDN)
[   19.459489] systemd[1]: Detected virtualization oracle.
[   19.466159] systemd[1]: Detected architecture x86-64.

Welcome to [1mUbuntu 16.04.3 LTS[0m!

[   19.483511] systemd[1]: Set hostname to <ubuntu>.
[   19.493625] systemd[1]: Initializing machine ID from random generator.
[   19.501705] systemd[1]: Installed transient /etc/machine-id file.
[   19.771215] systemd[1]: Listening on /dev/initctl Compatibility Named Pipe.
[[0;32m  OK  [0m] Listening on /dev/initctl Compatibility Named Pipe.
[   19.788988] systemd[1]: Reached target Swap.
[[0;32m  OK  [0m] Reached target Swap.
[   19.802655] systemd[1]: Created slice User and Session Slice.
[[0;32m  OK  [0m] Created slice User and Session Slice.
[   19.818729] systemd[1]: Listening on Syslog Socket.
[[0;32m  OK  [0m] Listening on Syslog Socket.
[   19.833759] systemd[1]: Started Forward Password Requests to Wall Directory Watch.
[[0;32m  OK  [0m] Started Forward Password Requests to Wall Directory Watch.
[   19.853599] systemd[1]: Listening on Device-mapper event daemon FIFOs.
[[0;32m  OK  [0m] Listening on Device-mapper event daemon FIFOs.
[   19.870525] systemd[1]: Reached target User and Group Name Lookups.
[[0;32m  OK  [0m] Reached target User and Group Name Lookups.
[   19.887557] systemd[1]: Listening on Journal Audit Socket.
[[0;32m  OK  [0m] Listening on Journal Audit Socket.
[   19.903306] systemd[1]: Listening on Journal Socket.
[[0;32m  OK  [0m] Listening on Journal Socket.
[   19.918508] systemd[1]: Listening on udev Kernel Socket.
[[0;32m  OK  [0m] Listening on udev Kernel Socket.
[   19.933586] systemd[1]: Reached target Encrypted Volumes.
[[0;32m  OK  [0m] Reached target Encrypted Volumes.
[   19.949342] systemd[1]: Listening on udev Control Socket.
[[0;32m  OK  [0m] Listening on udev Control Socket.
[   19.965764] systemd[1]: Listening on Journal Socket (/dev/log).
[[0;32m  OK  [0m] Listening on Journal Socket (/dev/log).
[   19.983760] systemd[1]: Created slice Stem Slice.
[[0;32m  OK  [0m] Created slice System Slice.

[   20.185762] systemd[1]: Mounting POSIX Message Queue File System...
         Mounting POSIX Message Queue File System...
[   20.206306] systemd[1]: Starting Uncomplicated firewall...
         Starting Uncomplicated firewall...
[   20.224726] systemd[1]: Starting Remount Root and Kernel File Systems...
         Starting Remount Root and Kernel File Systems...[   20.241668] EXT4-fs (sda1): re-mounted. Opts: (null)

[   20.251846] systemd[1]: Starting Journal Service...
         Starting Journal Service...
[   20.276152] systemd[1]: Starting Nameserver information manager...
         Starting Nameserver information manager...
[   20.290935] systemd[1]: Reached target Slices.
[[0;32m  OK  [0m] Reached target Slices.
[   20.313347] systemd[1]: Starting Set console keymap...
         Starting Set console keymap...
[   20.332290] systemd[1]: Mounting Debug File System...
         Mounting Debug File System...
[   20.373129] systemd[1]: Starting Load Kernel Modules...
         Starting Load Kernel Modules...
[   20.403566] systemd[1]: Listening on LVM2 poll daemon socket.
[[0;32m  OK  [0m] Listening on LVM2 poll daemon socket.
[   20.432109] systemd[1]: Listening on LVM2 metadata daemon socket.
[   20.442470] Loading iSCSI transport class v2.0-870.
[[0;32m  OK  [0m] Listening on LVM2 metadata daemon socket.
[   20.458479] systemd[1]: Set up automount Arbitrary Executable File Formats File System Automount Point.
[[0;32m  OK  [0m] Set up automo[   20.491396] iscsi: registered transport (tcp)
unt Arbitrary Executab...ats File System Automount Point.
[   20.533201] systemd[1]: Starting Create list of required static device nodes for the current kernel...
         Starting Create list of required st... nodes for the current kernel...
[   20.559341] systemd[1]: Starting Monitoring of LVM2 mirrors, snapshots etc. using dmeventd or progress polling...
         [   20.577991] random: nonblocking pool is initialized
Starting Monitoring of LVM2 mirrors... dmeventd or progress polling...
[   20.594264] systemd[1]: Mounting Huge Pages File System...
         Mounting Huge Pages File System...
[   20.613516] systemd[1]: Started Trigger resolvconf update for networkd DNS.
[   20.614584] iscsi: registered transport (iser)
[[0;32m  OK  [0m] Started Trigger resolvconf update for networkd DNS.
[   20.642174] systemd[1]: Created slice system-serial\x2dgetty.slice.
[[0;32m  OK  [0m] Created slice system-serial\x2dgetty.slice.
[   20.692234] systemd[1]: Mounted Huge Pages File System.
[[0;32m  OK  [0m] Mounted Huge Pages File System.
[   20.709710] systemd[1]: Mounted Debug File System.
[[0;32m  OK  [0m] Mounted Debug File System.
[   20.727002] systemd[1]: Mounted POSIX Message Queue File System.
[[0;32m  OK  [0m] Mounted POSIX Message Queue File System.
[   20.743355] systemd[1]: Started Journal Service.
[[0;32m  OK  [0m] Started Journal Service.
[[0;32m  OK  [0m] Started Uncomplicated firewall.
[[0;32m  OK  [0m] Started Remount Root and Kernel File Systems.
[[0;32m  OK  [0m] Started Set console keymap.
[[0;32m  OK  [0m] Started Load Kernel Modules.
[[0;32m  OK  [0m] Started Create list of required sta...ce nodes for the current kernel.
[[0;32m  OK  [0m] Started Nameserver information manager.
[[0;32m  OK  [0m] Started LVM2 metadata daemon.
         Starting Create Static Device Nodes in /dev...
         Starting Apply Kernel Variables...
         Mounting FUSE Control File System...
         Starting Initial cloud-init job (pre-networking)...
         Starting Load/Save Random Seed...
         Starting udev Coldplug all Devices...
         Starting Flush Journal to Persistent Storage...
[[0;32m  OK  [0m] Mounted FUSE Control File System.
[[0;32m  OK  [0m] Started Create Static Device Nodes in /dev.
[[0;32m  OK  [0m] Started Apply Kernel Variables.
[[0;32m  OK  [0m] Started Load/Save Random Seed.
[[0;32m  OK  [0m] Started Flush Journal to Persistent Storage.
[[0;32m  OK  [0m] Started udev Coldplug all Devices.
         Starting udev Kernel Device Manager...
[[0;32m  OK  [0m] Started udev Kernel Device Manager.
[[0;32m  OK  [0m] Started Dispatch Password Requests to Console Directory Watch.
[[0;32m  OK  [0m] Started Monitoring of LVM2 mirrors,...ng dmeventd or progress polling.
[[0;32m  OK  [0m] Reached target Local File Systems (Pre).
[[0;32m  OK  [0m] Reached target Local File Systems.
         Starting Commit a transient machine-id on disk...
         Starting Create Volatile Files and Directories...
         Starting LSB: AppArmor initialization...
         Starting Tell Plymouth To Write Out Runtime Data...
         Starting Set console font and keymap...
[[0;32m  OK  [0m] Started Commit a transient machine-id on disk.
[[0;32m  OK  [0m] Started Create Volatile Files and Directories.
[[0;32m  OK  [0m] Started Tell Plymouth To Write Out Runtime Data.
         Starting Update UTMP about System Boot/Shutdown...
[[0;32m  OK  [0m] Reached target System Time Synchronized.
[[0;32m  OK  [0m] Started Update UTMP about System Boot/Shutdown.
[[0;32m  OK  [0m] Found device /dev/ttyS0.
[[0;32m  OK  [0m] Listening on Load/Save RF Kill Switch Status /dev/rfkill Watch.
[   23.531015] cloud-init[466]: Cloud-init v. 17.1 running 'init-local' at Sat, 17 Mar 2018 10:28:44 +0000. Up 22.19 seconds.
[[0;32m  OK  [0m] Started Initial cloud-init job (pre-networking).
[[0;32m  OK  [0m] Reached target Network (Pre).
[[0;32m  OK  [0m] Started LSB: AppArmor initialization.
         Starting Raise network interfaces...
[[0;32m  OK  [0m] Started Raise network interfaces.
[[0;32m  OK  [0m] Reached target Network.
         Starting Initial cloud-init job (metadata service crawler)...
[[0;32m  OK  [0m] Started Set console font and keymap.
[[0;32m  OK  [0m] Created slice system-getty.slice.
[   30.512870] cloud-init[965]: Cloud-init v. 17.1 running 'init' at Sat, 17 Mar 2018 10:28:51 +0000. Up 28.96 seconds.
[   30.528028] cloud-init[965]: ci-info: ++++++++++++++++++++++++++++++++++++++Net device info++++++++++++++++++++++++++++++++++++++
[   30.557427] cloud-init[965]: ci-info: +--------+-------+----------------------------+---------------+-------+-------------------+
[   30.588232] cloud-init[965]: ci-info: | Device |   Up  |          Address           |      Mask     | Scope |     Hw-Address    |
[   30.604846] cloud-init[965]: [[0;32m  OK  [0m] Started Initial cloud-init job (metadata service crawler).
[[0;32m  OK  [0m] Reached target Network is Online.
ci-info: +--------+-------+----------------------------+---------------+-------+-------------------+
[   30.629114] cloud-init[965]: ci-info: | enp0s3 |  True |         10.0.2.15          | 255.255.255.0 |   .   | 02:1f:2a:60:99:e3 |
[   30.642950] cloud-init[965]: ci-info: | enp0s3 |  True | fe80::1f:2aff:fe60:99e3/64 |       .       |  link | 02:1f:2a:60:99:e3 |
[   30.650155] cloud-init[965]: ci-info: | enp0s8 | False |             .              |       .       |   .   | 08:00:27:53:26:f1 |
[   30.650278] cloud-init[965]: ci-info: |   lo   |  True |         127.0.0.1          |   255.0.0.0   |   .   |         .         |
[   30.650396] cloud-init[965]: ci-info: |   lo   |  True |          ::1/128           |       .       |  host |         .         |
         Starting iSCSI initiator daemon (iscsid)...
[   30.680712] cloud-init[965]: ci-info: +--------+-------+----------------------------+---------------+-------+-------------------+
[[0;32m  OK  [0m] Reached target System Initialization.
[   30.710894] [[0;32m  OK  [0m] Started Daily Cleanup of Temporary Directories.
[[0;32m  OK  [0m] Listening on UUID daemon activation socket.
cloud-init[965]: ci-info: +++++++++++++++++++++++++++Route IPv4 info++++++++++++++++++++++++++++
[   30.732877]          Starting LXD - unix socket.
cloud-init[965]: [[0;32m  OK  [0m] Started ACPI Events Check.
[[0;32m  OK  [0m] Reached target Paths.
         Starting Socket activation for snappy daemon.
[[0;32m  OK  [0m] Started Timer to automatically refresh installed snaps.
[[0;32m  OK  [0m] Listening on ACPID Listen Socket.
[[0;32m  OK  [0m] Listening on D-Bus System Message Bus Socket.
[[0;32m  OK  [0m] Started Daily apt download activities.
[[0;32m  OK  [0m] Started Daily apt upgrade and clean activities.
[[0;32m  OK  [0m] Reached target Timers.
[[0;32m  OK  [0m] Reached target Cloud-config availability.
ci-info: +-------+-------------+----------+---------------+-----------+-------+
[   30.786507] cloud-init[965]: ci-info: | Route | Destination | Gateway  |    Genmask    | Interface | Flags |
[[0;32m  OK  [0m] Listening on LXD - unix socket.
[   30.804308] [[0;32m  OK  [0m] Listening on Socket activation for snappy daemon.
cloud-init[965]: ci-info: +-------+-------------+----------+---------------+-----------+-------+
[   30.824424] cloud-init[965]: ci-info: |   0   |   0.0.0.0   | 10.0.2.2 |    0.0.0.0    |   enp0s3  |   UG  |
[   30.846209] cloud-init[965]: ci-info: |   1   |   10.0.2.0  | 0.0.0.0  | 255.255.255.0 |   enp0s3  |   U   |
[   30.860898] [[0;32m  OK  [0m] Started iSCSI initiator daemon (iscsid).
cloud-init[965]: ci-info: +-------+-------------+----------+---------------+-----------+-------+
[   30.881766] cloud-init[965]: Generating public/private rsa key pair.
[   30.892532] cloud-init[965]: Your identification has been saved in /etc/ssh/ssh_host_rsa_key.         Starting Login to default iSCSI targets...
[[0;32m  OK  [0m] Reached target Sockets.

[   30.910909] cloud-init[965]: Your public key has been saved in /etc/ssh/ssh_host_rsa_key.pub.
[[0;32m  OK  [0m] Reached target Basic System.
[   30.916549] cloud-init[965]: The key fingerprint is:
[   30.935121] cloud-init[965]: SHA256:Qf5GWZpbB1HHnw0mqwwx7/q0V8l9YSBLhsfc4ZV/VtI root@ubuntu-xenial
[[0;32m  OK  [0m] Started Deferred execution scheduler.
[   30.949165] [[0;32m  OK  [0m] Started Regular background program processing daemon.
         Starting LSB: Record successful boot for GRUB...
         Starting LSB: MD monitoring daemon...
[[0;32m  OK  [0m] Started Unattended Upgrades Shutdown.
[[0;32m  OK  [0m] Started ACPI event daemon.
         Starting Pollinate to seed the pseudo random number generator...
[[0;32m  OK  [0m] Started D-Bus System Message Bus.
cloud-init[965]: The key's randomart image is:
[   31.021102] cloud-init[965]: +---[RSA 2048]----+
[   31.032004] cloud-init[965]: |        . + =+o+o|
[   31.043292] cloud-init[965]: |       oo. %o+=oE|
[   31.052650] cloud-init[965]: |        o+O +=oo*|
[[0;32m  OK  [0m[   31.065564] cloud-init] Started FUSE filesystem for LXC.
         Starting Apply the settings specified in cloud-config...[965]: |        .+.+.. +*|
[   31.081324] cloud-init[965]: |        S++. ..+o|
[   31.082451] cloud-init[965]: |         .+   + o|
[   31.083968] cloud-init[965]: |         ..  .  .|
[   31.084294] cloud-init[965]: |        .. ..    |
[   31.084423] cloud-init[965]: |         .o.     |
[   31.084625] cloud-init[965]: +----[SHA256]-----+
[   31.084757] cloud-init[965]: Generating public/private dsa key pair.
[   31.084884] cloud-init[965]: Your identification has been saved in /etc/ssh/ssh_host_dsa_key.
[   31.085008] cloud-init[965]: Your public key has been saved in /etc/ssh/ssh_host_dsa_key.pub.
[   31.085144] cloud-init[965]: The key fingerprint is:
[   31.085268] cloud-init[965]: SHA256:tP3d6BT96sQd3z7eVm1kTZbuJuF5kIFIEausP4ZKFbU root@ubuntu-xenial
[   31.085397] cloud-init[965]: The key's randomart image is:
[   31.085590] cloud-init[965]: +---[DSA 1024]----+
[   31.085719] cloud-init[965]: |       ..++ .   .|
[   31.085845] cloud-init[965]: |      . .... . .o|
[   31.085968] cloud-init[965]: |     . E..    +o.|
[   31.086095] cloud-init[965]: |      o..o   + o+|
[   31.086305] cloud-init[965]: |     . oS . . *+o|
[   31.086434] cloud-init[965]: |    . .    . * OO|
[   31.086705] cloud-init[965]: |   . ..     . X.B|
[   31.086848] cloud-init[965]: |  .  ..o     + +o|
[   31.087103] cloud-init[965]: |   .. ...    .=o+|
[   31.087248] cloud-init[965]: +----[SHA256]-----+
[   31.087380] cloud-init[965]: Generating public/private ecdsa key pair.
[   31.087586] cloud-init[965]: Your identification has been saved in /etc/ssh/ssh_host_ecdsa_key.
[   31.087715] cloud-init[965]: Your public key has been saved in /etc/ssh/ssh_host_ecdsa_key.pub.
[   31.087840] cloud-init[965]: The key fingerprint is:
[   31.087968] cloud-init[965]: SHA256:bk6WvkfuK/PCI6tz7c87aI+hLfigtUgUx7seG88v+Qs root@ubuntu-xenial

[   31.088340] cloud-init[965]: The key's randomart image is:
         Starting Snappy daemon...
         Starting Login Service...
         Starting /etc/rc.local Compatibility...
[   31.329327] cloud-init[965]: +---[ECDSA 256]---+
[   31.360717] cloud-init[965]: |                 |
[   31.362268] cloud-init[965]: |   .             |
         Starting Accounts Service...
         Starting System Logging Service...
         Starting LXD - container startup/shutdown...
[   31.363415] cloud-init[965]: |  . o            |
[[0;32m  OK  [0m] Started /etc/rc.local Compatibility.
[   31.397031] cloud-init[965]: |   o .           |
[   31.426055] cloud-init[965]: |  . .   S        |
[   31.445396] cloud-init[965]: | .   . . ..      |
[   31.487874] cloud-init[965]: |  . *.E+B+       |
[[0;32m  OK  [0m] Started System Logging Service.[   31.522653] cloud-init[965]: | . =oO*XX++      |
[   31.522809] cloud-init[965]: |  o ==*X@&O+     |
[   31.522951] cloud-init[965]: +----[SHA256]-----+
[   31.523087] cloud-init[965]: Generating public/private ed25519 key pair.
[   31.523237] cloud-init[965]: Your identification has been saved in /etc/ssh/ssh_host_ed25519_key.
[   31.523374] cloud-init[965]: Your public key has been saved in /etc/ssh/ssh_host_ed25519_key.pub.
[   31.523692] cloud-init[965]: The key fingerprint is:
[   31.524023] cloud-init[965]: SHA256:YkWIX53TPr/OnbMclgOpk4gSy6ZjNxz4xrs+OwgiLj4 root@ubuntu-xenial
[   31.524169] cloud-init[965]: The key's randomart image is:
[   31.524309] cloud-init[965]: +--[ED25519 256]--+
[   31.524937] cloud-init[965]: |     . ... o     |
[   31.525082] cloud-init[965]: |    . ... + .    |
[   31.525218] cloud-init[965]: |     . ..  o     |
[   31.525357] cloud-init[965]: |      ..    o .  |
[   31.525760] cloud-init[965]: |    ..o S    =   |
[   31.525913] cloud-init[965]: |o. ..oo.. . o o .|
[   31.526047] cloud-init[965]: |+ . ==.. . +   * |
[   31.526179] cloud-init[965]: |.E +oX.     ..+o+|
[   31.526315] cloud-init[965]: |o.o.==B      .o++|
[   31.526604] cloud-init[965]: +----[SHA256]-----+

[[0;32m  OK  [0m] Started Login to default iSCSI targets.
[[0;32m  OK  [0m] Started Snappy daemon.
[[0;32m  OK  [0m] Started LSB: Record successful boot for GRUB.
[[0;32m  OK  [0m] Started LSB: MD monitoring daemon.
[[0;32m  OK  [0m] Started LXD - container startup/shutdown.
[[0;32m  OK  [0m] Started Login Service.
         Starting Authenticate and Authorize Users to Run Privileged Tasks...
[[0;32m  OK  [0m] Reached target Remote File Systems (Pre).
[[0;32m  OK  [0m] Reached target Remote File Systems.
         Starting LSB: automatic crash report generation...
         Starting LSB: daemon to balance interrupts for SMP systems...
         Starting LSB: Set the CPU Frequency Scaling governor to "ondemand"...
         Starting Permit User Sessions...
         Starting LSB: VirtualBox Linux Additions...
[[0;32m  OK  [0m] Started Permit User Sessions.
[[0;32m  OK  [0m] Started Authenticate and Authorize Users to Run Privileged Tasks.
[[0;32m  OK  [0m] Started Accounts Service.
[[0;32m  OK  [0m] Started LSB: automatic crash report generation.
         Starting Hold until boot process finishes up...
         Starting Terminate Plymouth Boot Screen...
[[0;32m  OK  [0m] Started Pollinate to seed the pseudo random number generator.
[[0;32m  OK  [0m] Started LSB: daemon to balance interrupts for SMP systems.
[[0;32m  OK  [0m] Started LSB: Set the CPU Frequency Scaling governor to "ondemand".
[[0;32m  OK  [0m] Started Hold until boot process finishes up.
[[0;32m  OK  [0m] Started Terminate Plymouth Boot Screen.
         Starting Set console scheme...
[[0;32m  OK  [0m] Started Getty on tty1.
[[0;32m  OK  [0m] Started Serial Getty on ttyS0.
[[0;32m  OK  [0m] Reached target Login Prompts.
         Starting OpenBSD Secure Shell server...
[[0;32m  OK  [0m] Started LSB: VirtualBox Linux Additions.
[[0;32m  OK  [0m] Started Set console scheme.
[[0;32m  OK  [0m] Started OpenBSD Secure Shell server.
[[0;32m  OK  [0m] Reached target Multi-User System.
[[0;32m  OK  [0m] Reached target Graphical Interface.
         Starting Update UTMP about System Runlevel Changes...
[[0;32m  OK  [0m] Started Update UTMP about System Runlevel Changes.
[   33.286276] cloud-init[1107]: Generating locales (this might take a while)...
[   36.277333] cloud-init[1107]:   en_US.UTF-8... done
[   36.289575] cloud-init[1107]: Generation complete.
[   37.114927] cloud-init[1107]: Cloud-init v. 17.1 running 'modules:config' at Sat, 17 Mar 2018 10:28:55 +0000. Up 32.88 seconds.
[[0;32m  OK  [0m] Started Apply the settings specified in cloud-config.
         Starting Execute cloud user/final scripts...
[[0;32m  OK  [0m] Created slice User Slice of vagrant.
         Starting User Manager for UID 1000...
[[0;32m  OK  [0m] Started Session 1 of user vagrant.
[[0;32m  OK  [0m] Started User Manager for UID 1000.

Ubuntu 16.04.3 LTS ubuntu-xenial ttyS0

ubuntu-xenial login: ci-info: no authorized ssh keys fingerprints found for user ubuntu.
<14>Mar 17 10:29:01 ec2: 
<14>Mar 17 10:29:01 ec2: #############################################################
<14>Mar 17 10:29:01 ec2: -----BEGIN SSH HOST KEY FINGERPRINTS-----
<14>Mar 17 10:29:01 ec2: 1024 SHA256:tP3d6BT96sQd3z7eVm1kTZbuJuF5kIFIEausP4ZKFbU root@ubuntu-xenial (DSA)
<14>Mar 17 10:29:01 ec2: 256 SHA256:bk6WvkfuK/PCI6tz7c87aI+hLfigtUgUx7seG88v+Qs root@ubuntu-xenial (ECDSA)
<14>Mar 17 10:29:01 ec2: 256 SHA256:YkWIX53TPr/OnbMclgOpk4gSy6ZjNxz4xrs+OwgiLj4 root@ubuntu-xenial (ED25519)
<14>Mar 17 10:29:01 ec2: 2048 SHA256:Qf5GWZpbB1HHnw0mqwwx7/q0V8l9YSBLhsfc4ZV/VtI root@ubuntu-xenial (RSA)
<14>Mar 17 10:29:01 ec2: -----END SSH HOST KEY FINGERPRINTS-----
<14>Mar 17 10:29:01 ec2: #############################################################
-----BEGIN SSH HOST KEY KEYS-----
ecdsa-sha2-nistp256 AAAAE2VjZHNhLXNoYTItbmlzdHAyNTYAAAAIbmlzdHAyNTYAAABBBFhSwZHDfHE91IsWnd+zfw8zqxwxb9qr+rcI/yUPeso1jAQ7vHDuSV5bUdXB7/6BAOHuAwXnFzyK8T5GBVkz850= root@ubuntu-xenial
ssh-ed25519 AAAAC3NzaC1lZDI1NTE5AAAAIEotApFVevOKOdIhlOT9P979F69drPnZkoFctZ0IwfHB root@ubuntu-xenial
ssh-rsa AAAAB3NzaC1yc2EAAAADAQABAAABAQDUXQjsxs5KRDTlXQdZxCCROzeXfJK8LZqpOVfszRkuWs9LNI1y7nwbwL+BNS/E9RXshrW5rGgpcyrM8Wd0Z3Bs9cDF7EvnTbrcreG6rM1FuM5AC1dUlr9U69TUlkLlPjEFZl3a9/bqv8c9Uzb0tIymZDjN7AYjQhlelbZrbx+rGctld/Qk0LHvwQeyAUm2p9wP+2piEWlPKlMJl7nF7i7MMKoG/J0BNd7oYOg5AzocuElsiGTfb7eg/kgdtIlfu8K00iNlmQinpzphYbdy7yUyG6WowlL2dxSzySr7VX+gC7d0GyzZPTiDo+KihohJS+87JRJU8SRfzECTIUN5iQOX root@ubuntu-xenial
-----END SSH HOST KEY KEYS-----
[   39.037865] cloud-init[1339]: Cloud-init v. 17.1 running 'modules:final' at Sat, 17 Mar 2018 10:29:00 +0000. Up 38.22 seconds.
[   39.039590] cloud-init[1339]: ci-info: no authorized ssh keys fingerprints found for user ubuntu.
[   39.039882] cloud-init[1339]: Cloud-init v. 17.1 finished at Sat, 17 Mar 2018 10:29:01 +0000. Datasource DataSourceNoCloud [seed=/dev/sdb][dsmode=net].  Up 39.01 seconds
[ 1720.609678] systemd[1]: systemd-logind.service: Watchdog timeout (limit 3min)!
[ 3598.859058] systemd[1]: systemd-udevd.service: Watchdog timeout (limit 3min)!
         Stopping ACPI event daemon...
         Stopping Session 6 of user vagrant.
         Stopping Authenticate and Authorize Users to Run Privileged Tasks...
         Stopping User Manager for UID 1000...
[[0;32m  OK  [0m] Stopped target Timers.
[[0;32m  OK  [0m] Stopped Daily apt upgrade and clean activities.
[[0;32m  OK  [0m] Stopped Timer to automatically refresh installed snaps.
[[0;32m  OK  [0m] Stopped target Graphical Interface.
[[0;32m  OK  [0m] Stopped Daily Cleanup of Temporary Directories.
[[0;32m  OK  [0m] Stopped target Cloud-init target.
[[0;32m  OK  [0m] Stopped Execute cloud user/final scripts.
[[0;32m  OK  [0m] Stopped Apply the settings specified in cloud-config.
[[0;32m  OK  [0m] Stopped target Cloud-config availability.
[[0;32m  OK  [0m] Stopped target Multi-User System.
         Stopping MySQL Community Server...
         Stopping LSB: Apache2 web server...
         Stopping LXD - container startup/shutdown...
         Stopping Deferred execution scheduler...
         Stopping Regular background program processing daemon...
         Stopping Snappy daemon...
         Stopping System Logging Service...
         Stopping Unattended Upgrades Shutdown...
         Stopping LSB: Record successful boot for GRUB...
         Stopping OpenBSD Secure Shell server...
         Stopping FUSE filesystem for LXC...
         Stopping LSB: VirtualBox Linux Additions...
         Stopping LSB: Set the CPU Frequency Scaling governor to "ondemand"...
         Stopping LSB: MD monitoring daemon...
         Stopping LSB: automatic crash report generation...
         Stopping D-Bus System Message Bus...
         Stopping Accounts Service...
[[0;32m  OK  [0m] Stopped Daily apt download activities.
[[0;32m  OK  [0m] Stopped target System Time Synchronized.
[[0;32m  OK  [0m] Stopped target Login Prompts.
   [[0;32m  OK  [0m] Unmounted /var/lib/lxcfs.
[[0;32m  OK  [0m] Stopped Deferred execution scheduler.
[[0;32m  OK  [0m] Stopped Regular background program processing daemon.
[[0;32m  OK  [0m] Stopped ACPI event daemon.
[[0;32m  OK  [0m] Stopped Snappy daemon.
[[0;32m  OK  [0m] Stopped Accounts Service.
[[0;32m  OK  [0m] Stopped System Logging Service.
[[0;32m  OK  [0m] Stopped Authenticate and Authorize Users to Run Privileged Tasks.
[[0;32m  OK  [0m] Stopped Getty on tty1.
[[0;32m  OK  [0m] Stopped Serial Getty on ttyS0.
[[0;32m  OK  [0m] Stopped OpenBSD Secure Shell server.
[[0;32m  OK  [0m] Stopped User Manager for UID 1000.
[[0;32m  OK  [0m] Stopped Session 6 of user vagrant.
[[0;32m  OK  [0m] Stopped Unattended Upgrades Shutdown.
[[0;32m  OK  [0m] Stopped D-Bus System Message Bus.
[[0;32m  OK  [0m] Stopped FUSE filesystem for LXC.
[[0;32m  OK  [0m] Stopped LXD - container startup/shutdown.
[[0;32m  OK  [0m] Stopped LSB: Record successful boot for GRUB.
[[0;32m  OK  [0m] Stopped LSB: Set the CPU Frequency Scaling governor to "ondemand".
[[0;32m  OK  [0m] Stopped LSB: MD monitoring daemon.
[[0;32m  OK  [0m] Stopped LSB: daemon to balance interrupts for SMP systems.
[[0;32m  OK  [0m] Stopped LSB: automatic crash report generation.
[[0;32m  OK  [0m] Stopped LSB: VirtualBox Linux Additions.
[[0;32m  OK  [0m] Removed slice User Slice of vagrant.
         Stopping Login Service...
[[0;32m  OK  [0m] Removed slice system-serial\x2dgetty.slice.
         Stopping Permit User Sessions...
[[0;32m  OK  [0m] Removed slice system-getty.slice.
[[0;32m  OK  [0m] Stopped /etc/rc.local Compatibility.
[[0;32m  OK  [0m] Stopped Permit User Sessions.
[[0;32m  OK  [0m] Stopped Login Service.
[[0;32m  OK  [0m] Stopped target User and Group Name Lookups.
[[0;32m  OK  [0m] Stopped MySQL Community Server.
[[0;32m  OK  [0m] Stopped LSB: Apache2 web server.
[[0;32m  OK  [0m] Stopped target Remote File Systems.
[[0;32m  OK  [0m] Stopped target Remote File Systems (Pre).
         Stopping Login to default iSCSI targets...
[[0;32m  OK  [0m] Stopped target Basic System.
[[0;32m  OK  [0m] Stopped target Paths.
[[0;32m  OK  [0m] Stopped ACPI Events Check.
[[0;32m  OK  [0m] Stopped Dispatch Password Requests to Console Directory Watch.
[[0;32m  OK  [0m] Stopped Forward Password Requests to Wall Directory Watch.
[[0;32m  OK  [0m] Stopped target Sockets.
[[0;32m  OK  [0m] Closed Syslog Socket.
[[0;32m  OK  [0m] Closed ACPID Listen Socket.
[[0;32m  OK  [0m] Closed LXD - unix socket.
[[0;32m  OK  [0m] Closed Socket activation for snappy daemon.
[[0;32m  OK  [0m] Closed UUID daemon activation socket.
[[0;32m  OK  [0m] Closed D-Bus System Message Bus Socket.
[[0;32m  OK  [0m] Stopped target System Initialization.
[[0;32m  OK  [0m] Stopped Create Volatile Files and Directories.
         Stopping Load/Save Random Seed...
[[0;32m  OK  [0m] Stopped Commit a transient machine-id on disk.
[[0;32m  OK  [0m] Stopped target Swap.
[[0;32m  OK  [0m] Stopped target Encrypted Volumes.
[[0;32m  OK  [0m] Stopped target Slices.
[[0;32m  OK  [0m] Removed slice User and Session Slice.
[[0;32m  OK  [0m] Stopped Load/Save Random Seed.
[[0;32m  OK  [0m] Stopped Login to default iSCSI targets.
         Stopping iSCSI initiator daemon (iscsid)...
[[0;32m  OK  [0m] Stopped iSCSI initiator daemon (iscsid).
[[0;32m  OK  [0m] Stopped target Network is Online.
[[0;32m  OK  [0m] Stopped Initial cloud-init job (metadata service crawler).
[[0;32m  OK  [0m] Stopped target Network.
         Stopping Raise network interfaces...
[[0;32m  OK  [0m] Stopped Raise network interfaces.
[[0;32m  OK  [0m] Stopped target Network (Pre).
[[0;32m  OK  [0m] Stopped Initial cloud-init job (pre-networking).
[[0;32m  OK  [0m] Stopped Apply Kernel Variables.
[[0;32m  OK  [0m] Stopped Load Kernel Modules.
[[0;32m  OK  [0m] Stopped target Local File Systems.
         Unmounting /run/user/1000...
         Unmounting /vagrant...
[[0;32m  OK  [0m] Unmounted /run/user/1000.
[[0;32m  OK  [0m] Unmounted /vagrant.
[[0;32m  OK  [0m] Reached target Unmount All Filesystems.
[[0;32m  OK  [0m] Stopped target Local File Systems (Pre).
[[0;32m  OK  [0m] Stopped Create Static Device Nodes in /dev.
[[0;32m  OK  [0m] Stopped Remount Root and Kernel File Systems.
[[0;32m  OK  [0m] Reached target Shutdown.
[ 3724.565714] reboot: Restarting system
[    0.000000] Initializing cgroup subsys cpuset
[    0.000000] Initializing cgroup subsys cpu
[    0.000000] Initializing cgroup subsys cpuacct
[    0.000000] Linux version 4.4.0-112-generic (buildd@lgw01-amd64-010) (gcc version 5.4.0 20160609 (Ubuntu 5.4.0-6ubuntu1~16.04.5) ) #135-Ubuntu SMP Fri Jan 19 11:48:36 UTC 2018 (Ubuntu 4.4.0-112.135-generic 4.4.98)
[    0.000000] Command line: BOOT_IMAGE=/boot/vmlinuz-4.4.0-112-generic root=LABEL=cloudimg-rootfs ro console=tty1 console=ttyS0
[    0.000000] KERNEL supported cpus:
[    0.000000]   Intel GenuineIntel
[    0.000000]   AMD AuthenticAMD
[    0.000000]   Centaur CentaurHauls
[    0.000000] x86/fpu: xstate_offset[2]:  576, xstate_sizes[2]:  256
[    0.000000] x86/fpu: Supporting XSAVE feature 0x01: 'x87 floating point registers'
[    0.000000] x86/fpu: Supporting XSAVE feature 0x02: 'SSE registers'
[    0.000000] x86/fpu: Supporting XSAVE feature 0x04: 'AVX registers'
[    0.000000] x86/fpu: Enabled xstate features 0x7, context size is 832 bytes, using 'standard' format.
[    0.000000] x86/fpu: Using 'lazy' FPU context switches.
[    0.000000] e820: BIOS-provided physical RAM map:
[    0.000000] BIOS-e820: [mem 0x0000000000000000-0x000000000009fbff] usable
[    0.000000] BIOS-e820: [mem 0x000000000009fc00-0x000000000009ffff] reserved
[    0.000000] BIOS-e820: [mem 0x00000000000f0000-0x00000000000fffff] reserved
[    0.000000] BIOS-e820: [mem 0x0000000000100000-0x000000003ffeffff] usable
[    0.000000] BIOS-e820: [mem 0x000000003fff0000-0x000000003fffffff] ACPI data
[    0.000000] BIOS-e820: [mem 0x00000000fec00000-0x00000000fec00fff] reserved
[    0.000000] BIOS-e820: [mem 0x00000000fee00000-0x00000000fee00fff] reserved
[    0.000000] BIOS-e820: [mem 0x00000000fffc0000-0x00000000ffffffff] reserved
[    0.000000] NX (Execute Disable) protection: active
[    0.000000] SMBIOS 2.5 present.
[    0.000000] Hypervisor detected: KVM
[    0.000000] e820: last_pfn = 0x3fff0 max_arch_pfn = 0x400000000
[    0.000000] MTRR: Disabled
[    0.000000] x86/PAT: MTRRs disabled, skipping PAT initialization too.
[    0.000000] CPU MTRRs all blank - virtualized system.
[    0.000000] x86/PAT: Configuration [0-7]: WB  WT  UC- UC  WB  WT  UC- UC  
[    0.000000] found SMP MP-table at [mem 0x0009fff0-0x0009ffff] mapped at [ffff88000009fff0]
[    0.000000] Scanning 1 areas for low memory corruption
[    0.000000] RAMDISK: [mem 0x36adc000-0x37565fff]
[    0.000000] ACPI: Early table checksum verification disabled
[    0.000000] ACPI: RSDP 0x00000000000E0000 000024 (v02 VBOX  )
[    0.000000] ACPI: XSDT 0x000000003FFF0030 00003C (v01 VBOX   VBOXXSDT 00000001 ASL  00000061)
[    0.000000] ACPI: FACP 0x000000003FFF00F0 0000F4 (v04 VBOX   VBOXFACP 00000001 ASL  00000061)
[    0.000000] ACPI: DSDT 0x000000003FFF0470 0021FF (v02 VBOX   VBOXBIOS 00000002 INTL 20100528)
[    0.000000] ACPI: FACS 0x000000003FFF0200 000040
[    0.000000] ACPI: FACS 0x000000003FFF0200 000040
[    0.000000] ACPI: APIC 0x000000003FFF0240 00005C (v02 VBOX   VBOXAPIC 00000001 ASL  00000061)
[    0.000000] ACPI: SSDT 0x000000003FFF02A0 0001CC (v01 VBOX   VBOXCPUT 00000002 INTL 20100528)
[    0.000000] No NUMA configuration found
[    0.000000] Faking a node at [mem 0x0000000000000000-0x000000003ffeffff]
[    0.000000] NODE_DATA(0) allocated [mem 0x3ffeb000-0x3ffeffff]
[    0.000000] kvm-clock: Using msrs 4b564d01 and 4b564d00
[    0.000000] kvm-clock: cpu 0, msr 0:3ffe3001, primary cpu clock
[    0.000000] kvm-clock: using sched offset of 3738506855177 cycles
[    0.000000] clocksource: kvm-clock: mask: 0xffffffffffffffff max_cycles: 0x1cd42e4dffb, max_idle_ns: 881590591483 ns
[    0.000000] Zone ranges:
[    0.000000]   DMA      [mem 0x0000000000001000-0x0000000000ffffff]
[    0.000000]   DMA32    [mem 0x0000000001000000-0x000000003ffeffff]
[    0.000000]   Normal   empty
[    0.000000]   Device   empty
[    0.000000] Movable zone start for each node
[    0.000000] Early memory node ranges
[    0.000000]   node   0: [mem 0x0000000000001000-0x000000000009efff]
[    0.000000]   node   0: [mem 0x0000000000100000-0x000000003ffeffff]
[    0.000000] Initmem setup node 0 [mem 0x0000000000001000-0x000000003ffeffff]
[    0.000000] ACPI: PM-Timer IO Port: 0x4008
[    0.000000] IOAPIC[0]: apic_id 2, version 32, address 0xfec00000, GSI 0-23
[    0.000000] ACPI: INT_SRC_OVR (bus 0 bus_irq 0 global_irq 2 dfl dfl)
[    0.000000] ACPI: INT_SRC_OVR (bus 0 bus_irq 9 global_irq 9 low level)
[    0.000000] Using ACPI (MADT) for SMP configuration information
[    0.000000] smpboot: Allowing 2 CPUs, 0 hotplug CPUs
[    0.000000] PM: Registered nosave memory: [mem 0x00000000-0x00000fff]
[    0.000000] PM: Registered nosave memory: [mem 0x0009f000-0x0009ffff]
[    0.000000] PM: Registered nosave memory: [mem 0x000a0000-0x000effff]
[    0.000000] PM: Registered nosave memory: [mem 0x000f0000-0x000fffff]
[    0.000000] e820: [mem 0x40000000-0xfebfffff] available for PCI devices
[    0.000000] Booting paravirtualized kernel on KVM
[    0.000000] clocksource: refined-jiffies: mask: 0xffffffff max_cycles: 0xffffffff, max_idle_ns: 7645519600211568 ns
[    0.000000] setup_percpu: NR_CPUS:512 nr_cpumask_bits:512 nr_cpu_ids:2 nr_node_ids:1
[    0.000000] PERCPU: Embedded 34 pages/cpu @ffff88003fc00000 s99544 r8192 d31528 u1048576
[    0.000000] PV qspinlock hash table entries: 256 (order: 0, 4096 bytes)
[    0.000000] Built 1 zonelists in Node order, mobility grouping on.  Total pages: 257913
[    0.000000] Policy zone: DMA32
[    0.000000] Kernel command line: BOOT_IMAGE=/boot/vmlinuz-4.4.0-112-generic root=LABEL=cloudimg-rootfs ro console=tty1 console=ttyS0
[    0.000000] PID hash table entries: 4096 (order: 3, 32768 bytes)
[    0.000000] Memory: 1001740K/1048120K available (8499K kernel code, 1309K rwdata, 3988K rodata, 1508K init, 1316K bss, 46380K reserved, 0K cma-reserved)
[    0.000000] SLUB: HWalign=64, Order=0-3, MinObjects=0, CPUs=2, Nodes=1
[    0.000000] Kernel/User page tables isolation: enabled
[    0.000000] Hierarchical RCU implementation.
[    0.000000] 	Build-time adjustment of leaf fanout to 64.
[    0.000000] 	RCU restricting CPUs from NR_CPUS=512 to nr_cpu_ids=2.
[    0.000000] RCU: Adjusting geometry for rcu_fanout_leaf=64, nr_cpu_ids=2
[    0.000000] NR_IRQS:33024 nr_irqs:440 16
[    0.000000] Console: colour VGA+ 80x25
[    0.000000] console [tty1] enabled
[    0.000000] console [ttyS0] enabled
[    0.000000] tsc: Detected 2494.226 MHz processor
[    0.804979] Calibrating delay loop (skipped) preset value.. 4988.45 BogoMIPS (lpj=9976904)
[    0.816035] pid_max: default: 32768 minimum: 301
[    0.821732] ACPI: Core revision 20150930
[    0.831676] ACPI: 2 ACPI AML tables successfully acquired and loaded
[    0.839738] Security Framework initialized
[    0.845323] Yama: becoming mindful.
[    0.849882] AppArmor: AppArmor initialized
[    0.855265] Dentry cache hash table entries: 131072 (order: 8, 1048576 bytes)
[    0.864952] Inode-cache hash table entries: 65536 (order: 7, 524288 bytes)
[    0.872843] Mount-cache hash table entries: 2048 (order: 2, 16384 bytes)
[    0.880514] Mountpoint-cache hash table entries: 2048 (order: 2, 16384 bytes)
[    0.888606] Initializing cgroup subsys io
[    0.894335] Initializing cgroup subsys memory
[    0.900083] Initializing cgroup subsys devices
[    0.905467] Initializing cgroup subsys freezer
[    0.911043] Initializing cgroup subsys net_cls
[    0.916708] Initializing cgroup subsys perf_event
[    0.922533] Initializing cgroup subsys net_prio
[    0.928124] Initializing cgroup subsys hugetlb
[    0.934093] Initializing cgroup subsys pids
[    0.939632] CPU: Physical Processor ID: 0
[    0.944683] CPU: Processor Core ID: 0
[    0.949771] FEATURE SPEC_CTRL Not Present
[    0.956231] mce: CPU supports 0 MCE banks
[    0.961676] Last level iTLB entries: 4KB 1024, 2MB 1024, 4MB 1024
[    0.968733] Last level dTLB entries: 4KB 1024, 2MB 1024, 4MB 1024, 1GB 4
[    0.988185] Freeing SMP alternatives memory: 32K
[    1.038829] ftrace: allocating 32180 entries in 126 pages
[    1.270564] smpboot: APIC(0) Converting physical 0 to logical package 0
[    1.278094] smpboot: Max logical packages: 1
[    1.284718] x2apic enabled
[    1.289744] Switched APIC routing to physical x2apic.
[    1.301375] ..TIMER: vector=0x30 apic1=0 pin1=2 apic2=-1 pin2=-1
[    1.422215] smpboot: CPU0: Intel(R) Core(TM) i5-4300U CPU @ 1.90GHz (family: 0x6, model: 0x45, stepping: 0x1)
[    1.435260] Performance Events: unsupported p6 CPU model 69 no PMU driver, software events only.
[    1.457983] KVM setup paravirtual spinlock
[    1.464527] x86: Booting SMP configuration:
[    1.469598] .... node  #0, CPUs:      #1
[    1.475098] kvm-clock: cpu 1, msr 0:3ffe3041, secondary cpu clock
[    1.482231] mce: CPU supports 0 MCE banks
[    1.487950] x86: Booted up 1 node, 2 CPUs
[    1.494401] smpboot: Total of 2 processors activated (9976.90 BogoMIPS)
[    1.503146] devtmpfs: initialized
[    1.527386] evm: security.selinux
[    1.532205] evm: security.SMACK64
[    1.536553] evm: security.SMACK64EXEC
[    1.541493] evm: security.SMACK64TRANSMUTE
[    1.546364] evm: security.SMACK64MMAP
[    1.551979] evm: security.ima
[    1.563592] evm: security.capability
[    1.569197] clocksource: jiffies: mask: 0xffffffff max_cycles: 0xffffffff, max_idle_ns: 7645041785100000 ns
[    1.580881] futex hash table entries: 512 (order: 3, 32768 bytes)
[    1.587866] pinctrl core: initialized pinctrl subsystem
[    1.594847] RTC time: 11:16:18, date: 03/17/18
[    1.600600] NET: Registered protocol family 16
[    1.617159] cpuidle: using governor ladder
[    1.637018] cpuidle: using governor menu
[    1.643048] PCCT header not found.
[    1.647790] ACPI: bus type PCI registered
[    1.652963] acpiphp: ACPI Hot Plug PCI Controller Driver version: 0.5
[    1.661780] PCI: Using configuration type 1 for base access
[    1.687056] ACPI: Added _OSI(Module Device)
[    1.692230] ACPI: Added _OSI(Processor Device)
[    1.698197] ACPI: Added _OSI(3.0 _SCP Extensions)
[    1.704791] ACPI: Added _OSI(Processor Aggregator Device)
[    1.715224] ACPI: Executed 1 blocks of module-level executable AML code
[    1.732918] ACPI: Interpreter enabled
[    1.737704] ACPI: (supports S0 S5)
[    1.742514] ACPI: Using IOAPIC for interrupt routing
[    1.749256] PCI: Using host bridge windows from ACPI; if necessary, use "pci=nocrs" and report a bug
[    1.777035] ACPI: PCI Root Bridge [PCI0] (domain 0000 [bus 00-ff])
[    1.784542] acpi PNP0A03:00: _OSC: OS supports [ASPM ClockPM Segments MSI]
[    1.792749] acpi PNP0A03:00: _OSC: not requesting OS control; OS requires [ExtendedConfig ASPM ClockPM MSI]
[    1.804344] acpi PNP0A03:00: fail to add MMCONFIG information, can't access extended PCI configuration space under this bridge.
[    1.819076] PCI host bridge to bus 0000:00
[    1.824845] pci_bus 0000:00: root bus resource [io  0x0000-0x0cf7 window]
[    1.832430] pci_bus 0000:00: root bus resource [io  0x0d00-0xffff window]
[    1.840163] pci_bus 0000:00: root bus resource [mem 0x000a0000-0x000bffff window]
[    1.849296] pci_bus 0000:00: root bus resource [mem 0x40000000-0xfdffffff window]
[    1.858404] pci_bus 0000:00: root bus resource [bus 00-ff]
[    1.876276] pci 0000:00:01.1: legacy IDE quirk: reg 0x10: [io  0x01f0-0x01f7]
[    1.884344] pci 0000:00:01.1: legacy IDE quirk: reg 0x14: [io  0x03f6]
[    1.891870] pci 0000:00:01.1: legacy IDE quirk: reg 0x18: [io  0x0170-0x0177]
[    1.900195] pci 0000:00:01.1: legacy IDE quirk: reg 0x1c: [io  0x0376]
[    1.957973] pci 0000:00:07.0: quirk: [io  0x4000-0x403f] claimed by PIIX4 ACPI
[    2.014280] pci 0000:00:07.0: quirk: [io  0x4100-0x410f] claimed by PIIX4 SMB
[    2.056564] ACPI: PCI Interrupt Link [LNKA] (IRQs 5 9 10 *11)
[    2.067246] ACPI: PCI Interrupt Link [LNKB] (IRQs 5 9 *10 11)
[    2.077532] ACPI: PCI Interrupt Link [LNKC] (IRQs 5 *9 10 11)
[    2.088869] ACPI: PCI Interrupt Link [LNKD] (IRQs 5 9 10 *11)
[    2.098882] ACPI: Enabled 2 GPEs in block 00 to 07
[    2.106496] vgaarb: setting as boot device: PCI:0000:00:02.0
[    2.112880] vgaarb: device added: PCI:0000:00:02.0,decodes=io+mem,owns=io+mem,locks=none
[    2.122584] vgaarb: loaded
[    2.126454] vgaarb: bridge control possible 0000:00:02.0
[    2.133461] SCSI subsystem initialized
[    2.138809] ACPI: bus type USB registered
[    2.143759] usbcore: registered new interface driver usbfs
[    2.150089] usbcore: registered new interface driver hub
[    2.156351] usbcore: registered new device driver usb
[    2.163843] PCI: Using ACPI for IRQ routing
[    2.170852] NetLabel: Initializing
[    2.175569] NetLabel:  domain hash size = 128
[    2.180613] NetLabel:  protocols = UNLABELED CIPSOv4
[    2.187272] NetLabel:  unlabeled traffic allowed by default
[    2.194042] amd_nb: Cannot enumerate AMD northbridges
[    2.200103] clocksource: Switched to clocksource kvm-clock
[    2.228233] AppArmor: AppArmor Filesystem Enabled
[    2.234644] pnp: PnP ACPI init
[    2.243104] pnp: PnP ACPI: found 3 devices
[    2.272735] clocksource: acpi_pm: mask: 0xffffff max_cycles: 0xffffff, max_idle_ns: 2085701024 ns
[    2.284661] NET: Registered protocol family 2
[    2.290880] TCP established hash table entries: 8192 (order: 4, 65536 bytes)
[    2.298755] TCP bind hash table entries: 8192 (order: 5, 131072 bytes)
[    2.306082] TCP: Hash tables configured (established 8192 bind 8192)
[    2.314007] UDP hash table entries: 512 (order: 2, 16384 bytes)
[    2.320789] UDP-Lite hash table entries: 512 (order: 2, 16384 bytes)
[    2.328181] NET: Registered protocol family 1
[    2.334058] pci 0000:00:00.0: Limiting direct PCI/PCI transfers
[    2.341023] pci 0000:00:01.0: Activating ISA DMA hang workarounds
[    2.348836] Unpacking initramfs...
[    9.491019] Freeing initrd memory: 10792K
[    9.497052] RAPL PMU detected, API unit is 2^-32 Joules, 4 fixed counters 10737418240 ms ovfl timer
[    9.507476] hw unit of domain pp0-core 2^-0 Joules
[    9.517425] hw unit of domain package 2^-0 Joules
[    9.525942] hw unit of domain dram 2^-0 Joules
[    9.532449] hw unit of domain pp1-gpu 2^-0 Joules
[    9.538177] platform rtc_cmos: registered platform RTC device (no PNP device found)
[    9.548408] Scanning for low memory corruption every 60 seconds
[    9.556104] audit: initializing netlink subsys (disabled)
[    9.562373] audit: type=2000 audit(1521289979.570:1): initialized
[    9.572481] Initialise system trusted keyring
[    9.578140] HugeTLB registered 2 MB page size, pre-allocated 0 pages
[    9.589782] zbud: loaded
[    9.594247] VFS: Disk quotas dquot_6.6.0
[    9.599529] VFS: Dquot-cache hash table entries: 512 (order 0, 4096 bytes)
[    9.608091] squashfs: version 4.0 (2009/01/31) Phillip Lougher
[    9.615503] fuse init (API version 7.23)
[    9.621352] Key type big_key registered
[    9.626253] Allocating IMA MOK and blacklist keyrings.
[    9.636987] Key type asymmetric registered
[    9.642587] Asymmetric key parser 'x509' registered
[    9.648611] Block layer SCSI generic (bsg) driver version 0.4 loaded (major 249)
[    9.658599] io scheduler noop registered
[    9.663441] io scheduler deadline registered (default)
[    9.669645] io scheduler cfq registered
[    9.674589] pci_hotplug: PCI Hot Plug PCI Core version: 0.5
[    9.681040] pciehp: PCI Express Hot Plug Controller Driver version: 0.4
[    9.688809] ACPI: AC Adapter [AC] (on-line)
[    9.694103] input: Power Button as /devices/LNXSYSTM:00/LNXPWRBN:00/input/input0
[    9.704139] ACPI: Power Button [PWRF]
[    9.709329] input: Sleep Button as /devices/LNXSYSTM:00/LNXSLPBN:00/input/input1
[    9.719618] ACPI: Sleep Button [SLPF]
[    9.725752] GHES: HEST is not enabled!
[    9.729440] ACPI: Battery Slot [BAT0] (battery present)
[    9.737196] Serial: 8250/16550 driver, 32 ports, IRQ sharing enabled
[    9.782500] 00:02: ttyS0 at I/O 0x3f8 (irq = 4, base_baud = 115200) is a 16550A
[    9.795208] Linux agpgart interface v0.103
[    9.805927] loop: module loaded
[    9.812049] scsi host0: ata_piix
[    9.817047] scsi host1: ata_piix
[    9.821752] ata1: PATA max UDMA/33 cmd 0x1f0 ctl 0x3f6 bmdma 0xd000 irq 14
[    9.829407] ata2: PATA max UDMA/33 cmd 0x170 ctl 0x376 bmdma 0xd008 irq 15
[    9.837524] libphy: Fixed MDIO Bus: probed
[    9.843549] tun: Universal TUN/TAP device driver, 1.6
[    9.849777] tun: (C) 1999-2004 Max Krasnyansky <maxk@qualcomm.com>
[    9.856898] PPP generic driver version 2.4.2
[    9.862654] ehci_hcd: USB 2.0 'Enhanced' Host Controller (EHCI) Driver
[    9.870104] ehci-pci: EHCI PCI platform driver
[    9.875904] ehci-platform: EHCI generic platform driver
[    9.882251] ohci_hcd: USB 1.1 'Open' Host Controller (OHCI) Driver
[    9.889382] ohci-pci: OHCI PCI platform driver
[    9.895029] ohci-platform: OHCI generic platform driver
[    9.901779] uhci_hcd: USB Universal Host Controller Interface driver
[    9.908915] i8042: PNP: PS/2 Controller [PNP0303:PS2K,PNP0f03:PS2M] at 0x60,0x64 irq 1,12
[    9.920450] serio: i8042 KBD port at 0x60,0x64 irq 1
[    9.926288] serio: i8042 AUX port at 0x60,0x64 irq 12
[    9.932956] mousedev: PS/2 mouse device common for all mice
[    9.941064] rtc_cmos rtc_cmos: rtc core: registered rtc_cmos as rtc0
[    9.948462] rtc_cmos rtc_cmos: alarms up to one day, 114 bytes nvram
[    9.956241] input: AT Translated Set 2 keyboard as /devices/platform/i8042/serio0/input/input2
[    9.965897] i2c /dev entries driver
[    9.971500] device-mapper: uevent: version 1.0.3
[    9.977725] device-mapper: ioctl: 4.34.0-ioctl (2015-10-28) initialised: dm-devel@redhat.com
[    9.988590] ledtrig-cpu: registered to indicate activity on CPUs
[    9.997602] NET: Registered protocol family 10
[   10.003709] NET: Registered protocol family 17
[   10.009511] Key type dns_resolver registered
[   10.015343] microcode: CPU0 sig=0x40651, pf=0x40, revision=0x0
[   10.022648] microcode: CPU1 sig=0x40651, pf=0x40, revision=0x0
[   10.030943] microcode: Microcode Update Driver: v2.01 <tigran@aivazian.fsnet.co.uk>, Peter Oruba
[   10.042362] registered taskstats version 1
[   10.047501] Loading compiled-in X.509 certificates
[   10.054350] Loaded X.509 cert 'Build time autogenerated kernel key: 4c603087bab8f0a02cb3b4e1fb4c40f507e71ef1'
[   10.065927] zswap: loaded using pool lzo/zbud
[   10.075715] Key type trusted registered
[   10.090160] Key type encrypted registered
[   10.095733] AppArmor: AppArmor sha1 policy hashing enabled
[   10.102330] ima: No TPM chip found, activating TPM-bypass!
[   10.108919] evm: HMAC attrs: 0x1
[   10.115447]   Magic number: 10:144:277
[   10.120148] tty tty14: hash matches
[   10.125092] rtc_cmos rtc_cmos: setting system clock to 2018-03-17 11:16:26 UTC (1521285386)
[   10.135451] BIOS EDD facility v0.16 2004-Jun-25, 0 devices found
[   10.142236] EDD information not available.
[   10.154812] Freeing unused kernel memory: 1508K
[   10.160180] Write protecting the kernel read-only data: 14336k
[   10.168995] Freeing unused kernel memory: 1728K
[   10.175359] Freeing unused kernel memory: 108K
Loading, please wait...
starting version 229
[   10.214446] random: systemd-udevd: uninitialized urandom read (16 bytes read, 3 bits of entropy available)
[   10.214462] random: udevadm: uninitialized urandom read (16 bytes read, 3 bits of entropy available)
[   10.214500] random: udevadm: uninitialized urandom read (16 bytes read, 3 bits of entropy available)
[   10.239673] random: udevadm: uninitialized urandom read (16 bytes read, 3 bits of entropy available)
[   10.239869] random: udevadm: uninitialized urandom read (16 bytes read, 3 bits of entropy available)
[   10.240400] random: udevadm: uninitialized urandom read (16 bytes read, 3 bits of entropy available)
[   10.240549] random: udevadm: uninitialized urandom read (16 bytes read, 3 bits of entropy available)
[   10.240697] random: udevadm: uninitialized urandom read (16 bytes read, 3 bits of entropy available)
[   10.240961] random: udevadm: uninitialized urandom read (16 bytes read, 3 bits of entropy available)
[   10.241111] random: udevadm: uninitialized urandom read (16 bytes read, 3 bits of entropy available)
[   10.417860] e1000: Intel(R) PRO/1000 Network Driver - version 7.3.21-k8-NAPI
[   10.427316] e1000: Copyright (c) 1999-2006 Intel Corporation.
[   10.456636] Fusion MPT base driver 3.04.20
[   10.464433] Copyright (c) 1999-2008 LSI Corporation
[   10.549436] AVX2 version of gcm_enc/dec engaged.
[   10.555868] AES CTR mode by8 optimization enabled
[   10.567107] Fusion MPT SPI Host driver 3.04.20
[   10.655808] input: ImExPS/2 Generic Explorer Mouse as /devices/platform/i8042/serio1/input/input4
[   11.238783] e1000 0000:00:03.0 eth0: (PCI:33MHz:32-bit) 02:1f:2a:60:99:e3
[   11.246519] e1000 0000:00:03.0 eth0: Intel(R) PRO/1000 Network Connection
[   12.006936] e1000 0000:00:08.0 eth1: (PCI:33MHz:32-bit) 08:00:27:53:26:f1
[   12.014715] e1000 0000:00:08.0 eth1: Intel(R) PRO/1000 Network Connection
[   12.025594] mptbase: ioc0: Initiating bringup
[   12.034470] e1000 0000:00:08.0 enp0s8: renamed from eth1
[   12.060991] e1000 0000:00:03.0 enp0s3: renamed from eth0
[   12.097433] ioc0: LSI53C1030 A0: Capabilities={Initiator}
[   12.274455] scsi host2: ioc0: LSI53C1030 A0, FwRev=00000000h, Ports=1, MaxQ=256, IRQ=20
[   12.397875] scsi 2:0:0:0: Direct-Access     VBOX     HARDDISK         1.0  PQ: 0 ANSI: 5
[   12.408309] scsi target2:0:0: Beginning Domain Validation
[   12.465278] scsi target2:0:0: Domain Validation skipping write tests
[   12.472400] scsi target2:0:0: Ending Domain Validation
[   12.478823] scsi target2:0:0: asynchronous
[   12.485451] scsi 2:0:1:0: Direct-Access     VBOX     HARDDISK         1.0  PQ: 0 ANSI: 5
[   12.495136] scsi target2:0:1: Beginning Domain Validation
[   12.504295] scsi target2:0:1: Domain Validation skipping write tests
[   12.512958] scsi target2:0:1: Ending Domain Validation
[   12.522603] scsi target2:0:1: asynchronous
[   12.548395] sd 2:0:0:0: [sda] 20971520 512-byte logical blocks: (10.7 GB/10.0 GiB)
[   12.561636] sd 2:0:0:0: Attached scsi generic sg0 type 0
[   12.569223] sd 2:0:1:0: [sdb] 20480 512-byte logical blocks: (10.5 MB/10.0 MiB)
[   12.569272] sd 2:0:0:0: [sda] Write Protect is off
[   12.584334] sd 2:0:1:0: Attached scsi generic sg1 type 0
[   12.584620] sd 2:0:0:0: [sda] Incomplete mode parameter data
[   12.584623] sd 2:0:0:0: [sda] Assuming drive cache: write through
[   12.606189] sd 2:0:1:0: [sdb] Write Protect is off
[   12.612804] sd 2:0:1:0: [sdb] Incomplete mode parameter data
[   12.616750]  sda: sda1
[   12.618826] sd 2:0:0:0: [sda] Attached SCSI disk
[   12.641219] sd 2:0:1:0: [sdb] Assuming drive cache: write through
[   12.654024] sd 2:0:1:0: [sdb] Attached SCSI disk
[   13.441920] floppy0: no floppy controllers found
Begin: Loading essential drivers ... [   16.051182] md: linear personality registered for level -1
[   16.064077] md: multipath personality registered for level -4
[   16.078959] md: raid0 personality registered for level 0
[   16.092875] md: raid1 personality registered for level 1
[   16.176606] raid6: sse2x1   gen()  1954 MB/s
[   16.248849] raid6: sse2x1   xor()  1460 MB/s
[   16.320189] raid6: sse2x2   gen()  3579 MB/s
[   16.392518] raid6: sse2x2   xor()  2166 MB/s
[   16.460932] raid6: sse2x4   gen()  5410 MB/s
[   16.532280] raid6: sse2x4   xor()  3046 MB/s
[   16.604669] raid6: avx2x1   gen()  4486 MB/s
[   16.677010] raid6: avx2x2   gen()  8510 MB/s
[   16.748342] raid6: avx2x4   gen() 10470 MB/s
[   16.754386] raid6: using algorithm avx2x4 gen() 10470 MB/s
[   16.761255] raid6: using avx2x2 recovery algorithm
[   16.770505] xor: automatically using best checksumming function:
[   16.816358]    avx       : 10744.000 MB/sec
[   16.825008] async_tx: api initialized (async)
[   16.850847] md: raid6 personality registered for level 6
[   16.858170] md: raid5 personality registered for level 5
[   16.864285] md: raid4 personality registered for level 4
[   16.882680] md: raid10 personality registered for level 10
done.
Begin: Running /scripts/init-premount ... done.
Begin: Mounting root file system ... Begin: Running /scripts/local-top ... done.
Begin: Running /scripts/local-premount ... [   16.974754] Btrfs loaded
Scanning for Btrfs filesystems
done.
Warning: fsck not present, so skipping root file system
[   17.052236] EXT4-fs (sda1): mounted filesystem with ordered data mode. Opts: (null)
done.
Begin: Running /scripts/local-bottom ... done.
Begin: Running /scripts/init-bottom ... done.
[   17.280702] systemd[1]: systemd 229 running in system mode. (+PAM +AUDIT +SELINUX +IMA +APPARMOR +SMACK +SYSVINIT +UTMP +LIBCRYPTSETUP +GCRYPT +GNUTLS +ACL +XZ -LZ4 +SECCOMP +BLKID +ELFUTILS +KMOD -IDN)
[   17.300642] systemd[1]: Detected virtualization oracle.
[   17.307299] systemd[1]: Detected architecture x86-64.

Welcome to [1mUbuntu 16.04.3 LTS[0m!

[   17.324711] systemd[1]: Set hostname to <db>.
[   17.655702] systemd[1]: Started Trigger resolvconf update for networkd DNS.
[[0;32m  OK  [0m] Started Trigger resolvconf update for networkd DNS.
[   17.673844] systemd[1]: Listening on Device-mapper event daemon FIFOs.
[[0;32m  OK  [0m] Listening on Device-mapper event daemon FIFOs.
[   17.690893] systemd[1]: Listening on Syslog Socket.
[[0;32m  OK  [0m] Listening on Syslog Socket.
[   17.706179] systemd[1]: Started Forward Password Requests to Wall Directory Watch.
[[0;32m  OK  [0m] Started Forward Password Requests to Wall Directory Watch.
[   17.727378] systemd[1]: Set up automount Arbitrary Executable File Formats File System Automount Point.
[[0;32m  OK  [0m] Set up automount Arbitrary Executab...ats File System Automount Point.
[   17.749293] systemd[1]: Reached target User and Group Name Lookups.
[[0;32m  OK  [0m] Reached target User and Group Name Lookups.
[   17.766164] systemd[1]: Listening on Journal Socket.
[[0;32m  OK  [0m] Listening on Journal Socket.
[   17.781199] systemd[1]: Listening on LVM2 poll daemon socket.
[[0;32m  OK  [0m] Listening on LVM2 poll daemon socket.
[   17.799249] systemd[1]: Created slice User and Session Slice.
[[0;32m  OK  [0m] Created slice User and Session Slice.
[   17.815403] systemd[1]: Listening on Journal Socket (/dev/log).
[[0;32m  OK  [0m] Listening on Journal Socket (/dev/log).
[   17.832649] systemd[1]: Created slice System Slice.
[[0;32m  OK  [0m] Created slice System Slice.
[   17.852289] systemd[1]: Created slice system-serial\x2dgetty.slice.
[[0;32m  OK  [0m] Created slice system-serial\x2dgetty.slice.
[   17.869095] systemd[1]: Reached target Slices.
[[0;32m  OK  [0m] Reached target Slices.
[   17.897059] systemd[1]: Starting Remount Root and Kernel File Systems...
         Starting Remount Root and Kernel File Systems...
[   17.917612] systemd[1]: Mounting Huge Pages File System...
         Mounting Huge Pages File System...
[   17.935353] systemd[1]: Starting Uncomplicated firewall...
[   17.939467] EXT4-fs (sda1): re-mounted. Opts: (null)
         Starting Uncomplicated firewall...
[   17.959361] systemd[1]: Starting Nameserver information manager...
         Starting Nameserver information manager...
[   17.977516] systemd[1]: Listening on Journal Audit Socket.
[[0;32m  OK  [0m] Listening on Journal Audit Socket.
[   17.998847] systemd[1]: Starting Journal Service...
         Starting Journal Service...
[   18.013716] systemd[1]: Reached target Encrypted Volumes.
[   18.021002] ip_tables: (C) 2000-2006 Netfilter Core Team
[[0;32m  OK  [0m] Reached target Encrypted Volumes.
[   18.036856] systemd[1]: Starting Set console keymap...
         Starting Set console keymap...
[   18.055310] systemd[1]: Listening on LVM2 metadata daemon socket.
[[0;32m  OK  [0m] Listening on LVM2 metadata daemon socket.
[   18.078014] nf_conntrack version 0.5.0 (7936 buckets, 31744 max)
[   18.080060] systemd[1]: Starting Monitoring of LVM2 mirrors, snapshots etc. using dmeventd or progress polling...
         Starting Monitoring of LVM2 mirrors... dmeventd or progress polling...
[   18.127865] systemd[1]: Starting Load Kernel Modules...
         Starting Load Kernel Modules...
[   18.158071] systemd[1]: Listening on /dev/initctl Compatibility Named Pipe.
[[0;32m  OK  [0m] Listening on /dev/initctl Compatibility Named Pipe.
[   18.183841] Loading iSCSI transport class v2.0-870.
[   18.209238] systemd[1]: Mounting POSIX Message Queue File System...
[   18.235554] iscsi: registered transport (tcp)
         Mounting POSIX Message Queue File System...
[   18.257669] systemd[1]: Reached target Swap.
[[0;32m  OK  [0m] Reached target Swap.
[   18.276637] ip6_tables: (C) 2000-2006 Netfilter Core Team
[   18.289053] systemd[1]: Mounting Debug File System...
         Mounting Debug File System...
[   18.340685] systemd[1]: Starting Create list of required static device nodes for the current kernel...
[   18.354405] random: nonblocking pool is initialized
         Starting Create list of required st... nodes for the current kernel...
[   18.373770] systemd[1]: Listening on udev Kernel Socket.
[[0;32m  OK  [0m] Listening on udev Kernel Socket.
[   18.401059] systemd[1]: Listening on udev Control Socket.
[[0;32m  OK  [0m] Listening on udev Control Socket.
[   18.447590] iscsi: registered transport (iser)
[   18.463758] systemd[1]: Mounted Huge Pages File System.
[[0;32m  OK  [0m] Mounted Huge Pages File System.
[   18.481731] systemd[1]: Mounted Debug File System.
[[0;32m  OK  [0m] Mounted Debug File System.
[   18.497227] systemd[1]: Mounted POSIX Message Queue File System.
[[0;32m  OK  [0m] Mounted POSIX Message Queue File System.
[   18.527217] systemd[1]: Started Journal Service.
[[0;32m  OK  [0m] Started Journal Service.
[[0;32m  OK  [0m] Started Remount Root and Kernel File Systems.
[[0;32m  OK  [0m] Started Set console keymap.
[[0;32m  OK  [0m] Started Load Kernel Modules.
[[0;32m  OK  [0m] Started Create list of required sta...ce nodes for the current kernel.
[[0;32m  OK  [0m] Started Nameserver information manager.
[[0;32m  OK  [0m] Started Uncomplicated firewall.
[[0;32m  OK  [0m] Started LVM2 metadata daemon.
         Starting Create Static Device Nodes in /dev...
         Starting Apply Kernel Variables...
         Mounting FUSE Control File System...
         Starting udev Coldplug all Devices...
         Starting Load/Save Random Seed...
         Starting Initial cloud-init job (pre-networking)...
         Starting Flush Journal to Persistent Storage...
[[0;32m  OK  [0m] Mounted FUSE Control File System.
[[0;32m  OK  [0m] Started Create Static Device Nodes in /dev.
[[0;32m  OK  [0m] Started Apply Kernel Variables.
[[0;32m  OK  [0m] Started Load/Save Random Seed.
[[0;32m  OK  [0m] Started udev Coldplug all Devices.
[[0;32m  OK  [0m] Started Flush Journal to Persistent Storage.
         Starting udev Kernel Device Manager...
[[0;32m  OK  [0m] Started Monitoring of LVM2 mirrors,...ng dmeventd or progress polling.
[[0;32m  OK  [0m] Started udev Kernel Device Manager.
[[0;32m  OK  [0m] Reached target Local File Systems (Pre).
[[0;32m  OK  [0m] Reached target Local File Systems.
         Starting Tell Plymouth To Write Out Runtime Data...
         Starting LSB: AppArmor initialization...
         Starting Set console font and keymap...
         Starting Create Volatile Files and Directories...
[[0;32m  OK  [0m] Started Dispatch Password Requests to Console Directory Watch.
[[0;32m  OK  [0m] Started Tell Plymouth To Write Out Runtime Data.
[[0;32m  OK  [0m] Started Create Volatile Files and Directories.
[[0;32m  OK  [0m] Reached target System Time Synchronized.
         Starting Update UTMP about System Boot/Shutdown...
[[0;32m  OK  [0m] Started Update UTMP about System Boot/Shutdown.
[[0;32m  OK  [0m] Started LSB: AppArmor initialization.
[[0;32m  OK  [0m] Found device /dev/ttyS0.
[[0;32m  OK  [0m] Found device 82540EM Gigabit Ethern...r (PRO/1000 MT Desktop Adapter).
[[0;32m  OK  [0m] Found device 82540EM Gigabit Ethern...r (PRO/1000 MT Desktop Adapter).
[[0;32m  OK  [0m] Listening on Load/Save RF Kill Switch Status /dev/rfkill Watch.
[   20.756130] cloud-init[530]: Cloud-init v. 17.1 running 'init-local' at Sat, 17 Mar 2018 11:16:37 +0000. Up 19.89 seconds.
[[0;32m  OK  [0m] Started Initial cloud-init job (pre-networking).
[[0;32m  OK  [0m] Started Set console font and keymap.
[[0;32m  OK  [0m] Created slice system-getty.slice.
[[0;32m  OK  [0m] Reached target Network (Pre).
[[0;32m  OK  [0m] Started ifup for enp0s3.
         Starting Raise network interfaces...
[[0;32m  OK  [0m] Started ifup for enp0s8.
[[0;32m  OK  [0m] Started Raise network interfaces.
[[0;32m  OK  [0m] Reached target Network.
         Starting Initial cloud-init job (metadata service crawler)...
[   24.896040] cloud-init[1129]: Cloud-init v. 17.1 running 'init' at Sat, 17 Mar 2018 11:16:41 +0000. Up 24.11 seconds.
[   24.914621] cloud-init[1129]: ci-info: ++++++++++++++++++++++++++++++++++++++Net device info++++++++++++++++++++++++++++++++++++++
[   24.930167] cloud-init[1129]: ci-info: +--------+------+-----------------------------+---------------+-------+-------------------+
[   24.942961] cloud-init[1129]: ci-info: | Device |  Up  |           Address           |      Mask     | Scope |     Hw-Address    |
[   24.957529] cloud-init[1129]: ci-info: +--------+------+-----------------------------+---------------+-------+-------------------+
[   24.971380] cloud-init[1129]: ci-info: | enp0s3 | True |          10.0.2.15          | 255.255.255.0 |   .   | 02:1f:2a:60:99:e3 |
[   24.983697] cloud-init[1129]: ci-info: | enp0s3 | True |  fe80::1f:2aff:fe60:99e3/64 |       .       |  link | 02:1f:2a:60:99:e3 |
[   24.996783] cloud-init[1129]: ci-info: | enp0s8 | True |         192.168.1.5         | 255.255.255.0 |   .   | 08:00:27:53:26:f1 |
[   25.009008] cloud-init[1129]: ci-info: | enp0s8 | True | fe80::a00:27ff:fe53:26f1/64 |       .       |  link | 08:00:27:53:26:f1 |
[   25.020891] cloud-init[1129]: ci-info: |   lo   | True |          127.0.0.1          |   255.0.0.0   |   .   |         .         |
[   25.037800] cloud-init[1129]: ci-info: |   lo   | True |           ::1/128           |       .       |  host |         .         |
[   25.049426] cloud-init[1129]: ci-info: +--------+------+-----------------------------+---------------+-------+-------------------+
[   25.060793] cloud-init[1129]: ci-info: +++++++++++++++++++++++++++Route IPv4 info++++++++++++++++++++++++++++
[   25.076248] cloud-init[1129]: ci-info: +-------+-------------+----------+---------------+-----------+-------+
[   25.088379] cloud-init[1129]: ci-info: | Route | Destination | Gateway  |    Genmask    | Interface | Flags |
[   25.104783] cloud-init[1129]: ci-info: +-------+-------------+----------+---------------+-----------+-------+
[   25.116247] cloud-init[1129]: ci-info: |   0   |   0.0.0.0   | 10.0.2.2 |    0.0.0.0    |   enp0s3  |   UG  |
[   25.128468] cloud-init[1129]: ci-info: |   1   |   10.0.2.0  | 0.0.0.0  | 255.255.255.0 |   enp0s3  |   U   |
[   25.146940] cloud-init[1129]: ci-info: |   2   | 192.168.1.0 | 0.0.0.0  | 255.255.255.0 |   enp0s8  |   U   |
[   25.158264] cloud-init[1129]: ci-info: +-------+-------------+----------+---------------+-----------+-------+
[[0;32m  OK  [0m] Started Initial cloud-init job (metadata service crawler).
[[0;32m  OK  [0m] Reached target System Initialization.
[[0;32m  OK  [0m] Listening on D-Bus System Message Bus Socket.
[[0;32m  OK  [0m] Started ACPI Events Check.
[[0;32m  OK  [0m] Reached target Paths.
[[0;32m  OK  [0m] Started Daily Cleanup of Temporary Directories.
[[0;32m  OK  [0m] Started Timer to automatically refresh installed snaps.
         Starting LXD - unix socket.
         Starting Socket activation for snappy daemon.
[[0;32m  OK  [0m] Listening on ACPID Listen Socket.
[[0;32m  OK  [0m] Listening on UUID daemon activation socket.
[[0;32m  OK  [0m] Reached target Network is Online.
         Starting iSCSI initiator daemon (iscsid)...
[[0;32m  OK  [0m] Started Daily apt download activities.
[[0;32m  OK  [0m] Started Daily apt upgrade and clean activities.
[[0;32m  OK  [0m] Reached target Timers.
[[0;32m  OK  [0m] Reached target Cloud-config availability.
[[0;32m  OK  [0m] Listening on LXD - unix socket.
[[0;32m  OK  [0m] Listening on Socket activation for snappy daemon.
[[0;32m  OK  [0m] Started iSCSI initiator daemon (iscsid).
         Starting Login to default iSCSI targets...
[[0;32m  OK  [0m] Reached target Sockets.
[[0;32m  OK  [0m] Reached target Basic System.
         Starting Accounts Service...
[[0;32m  OK  [0m] Started FUSE filesystem for LXC.
         Starting Login Service...
[[0;32m  OK  [0m] Started Unattended Upgrades Shutdown.
         Starting LSB: Record successful boot for GRUB...
[[0;32m  OK  [0m] Started ACPI event daemon.
         Starting MySQL Community Server...
[[0;32m  OK  [0m] Started Deferred execution scheduler.
         Starting System Logging Service...
         Starting OpenBSD Secure Shell server...
         Starting LXD - container startup/shutdown...
         Starting Apply the settings specified in cloud-config...
         Starting Snappy daemon...
         Starting /etc/rc.local Compatibility...
[[0;32m  OK  [0m] Started Regular background program processing daemon.
         Starting LSB: MD monitoring daemon...
[[0;32m  OK  [0m] Started D-Bus System Message Bus.
[[0;32m  OK  [0m] Started System Logging Service.
[[0;32m  OK  [0m] Started OpenBSD Secure Shell server.
[[0;32m  OK  [0m] Started /etc/rc.local Compatibility.
[[0;32m  OK  [0m] Started Login to default iSCSI targets.
[[0;32m  OK  [0m] Started LXD - container startup/shutdown.
[[0;32m  OK  [0m] Started Snappy daemon.
[[0;32m  OK  [0m] Started LSB: Record successful boot for GRUB.
[[0;32m  OK  [0m] Started LSB: MD monitoring daemon.
[[0;32m  OK  [0m] Started Login Service.
         Starting Authenticate and Authorize Users to Run Privileged Tasks...
[[0;32m  OK  [0m] Reached target Remote File Systems (Pre).
[[0;32m  OK  [0m] Reached target Remote File Systems.
         Starting LSB: Set the CPU Frequency Scaling governor to "ondemand"...
         Starting LSB: automatic crash report generation...
         Starting LSB: VirtualBox Linux Additions...
         Starting Permit User Sessions...
         Starting LSB: Apache2 web server...
         Starting LSB: daemon to balance interrupts for SMP systems...
[[0;32m  OK  [0m] Started Permit User Sessions.
[[0;32m  OK  [0m] Started Authenticate and Authorize Users to Run Privileged Tasks.
[[0;32m  OK  [0m] Started Accounts Service.
[[0;32m  OK  [0m] Started LSB: Set the CPU Frequency Scaling governor to "ondemand".
[[0;32m  OK  [0m] Started LSB: automatic crash report generation.
         Starting Hold until boot process finishes up...
         Starting Terminate Plymouth Boot Screen...
[[0;32m  OK  [0m] Started LSB: daemon to balance interrupts for SMP systems.
[[0;32m  OK  [0m] Started Hold until boot process finishes up.
[[0;32m  OK  [0m] Started Terminate Plymouth Boot Screen.
         Starting Set console scheme...
[[0;32m  OK  [0m] Started Serial Getty on ttyS0.
[[0;32m  OK  [0m] Started Getty on tty1.
[[0;32m  OK  [0m] Reached target Login Prompts.
[[0;32m  OK  [0m] Started Set console scheme.
[[0;32m  OK  [0m] Started LSB: VirtualBox Linux Additions.
[[0;32m  OK  [0m] Started MySQL Community Server.
[   28.083644] cloud-init[1224]: Cloud-init v. 17.1 running 'modules:config' at Sat, 17 Mar 2018 11:16:45 +0000. Up 27.64 seconds.
[[0;32m  OK  [0m] Started Apply the settings specified in cloud-config.
[[0;32m  OK  [0m] Started LSB: Apache2 web server.
[[0;32m  OK  [0m] Reached target Multi-User System.
         Starting Execute cloud user/final scripts...
[[0;32m  OK  [0m] Reached target Graphical Interface.
         Starting Update UTMP about System Runlevel Changes...
[[0;32m  OK  [0m] Started Update UTMP about System Runlevel Changes.
[   29.966840] cloud-init[1441]: Cloud-init v. 17.1 running 'modules:final' at Sat, 17 Mar 2018 11:16:47 +0000. Up 29.59 seconds.
[   29.984669] cloud-init[1441]: Cloud-init v. 17.1 finished at Sat, 17 Mar 2018 11:16:47 +0000. Datasource DataSourceNoCloud [seed=/dev/sdb][dsmode=net].  Up 29.95 seconds
[[0;32m  OK  [0m] Started Execute cloud user/final scripts.
[[0;32m  OK  [0m] Reached target Cloud-init target.

Ubuntu 16.04.3 LTS db ttyS0

db login: 