[    0.000000] Initializing cgroup subsys cpuset
[    0.000000] Initializing cgroup subsys cpu
[    0.000000] Initializing cgroup subsys cpuacct
[    0.000000] Linux version 4.4.0-112-generic (buildd@lgw01-amd64-010) (gcc version 5.4.0 20160609 (Ubuntu 5.4.0-6ubuntu1~16.04.5) ) #135-Ubuntu SMP Fri Jan 19 11:48:36 UTC 2018 (Ubuntu 4.4.0-112.135-generic 4.4.98)
[    0.000000] Command line: BOOT_IMAGE=/boot/vmlinuz-4.4.0-112-generic root=LABEL=cloudimg-rootfs ro console=tty1 console=ttyS0
[    0.000000] KERNEL supported cpus:
[    0.000000]   Intel GenuineIntel
[    0.000000]   AMD AuthenticAMD
[    0.000000]   Centaur CentaurHauls
[    0.000000] x86/fpu: xstate_offset[2]:  576, xstate_sizes[2]:  256
[    0.000000] x86/fpu: Supporting XSAVE feature 0x01: 'x87 floating point registers'
[    0.000000] x86/fpu: Supporting XSAVE feature 0x02: 'SSE registers'
[    0.000000] x86/fpu: Supporting XSAVE feature 0x04: 'AVX registers'
[    0.000000] x86/fpu: Enabled xstate features 0x7, context size is 832 bytes, using 'standard' format.
[    0.000000] x86/fpu: Using 'lazy' FPU context switches.
[    0.000000] e820: BIOS-provided physical RAM map:
[    0.000000] BIOS-e820: [mem 0x0000000000000000-0x000000000009fbff] usable
[    0.000000] BIOS-e820: [mem 0x000000000009fc00-0x000000000009ffff] reserved
[    0.000000] BIOS-e820: [mem 0x00000000000f0000-0x00000000000fffff] reserved
[    0.000000] BIOS-e820: [mem 0x0000000000100000-0x000000007ffeffff] usable
[    0.000000] BIOS-e820: [mem 0x000000007fff0000-0x000000007fffffff] ACPI data
[    0.000000] BIOS-e820: [mem 0x00000000fec00000-0x00000000fec00fff] reserved
[    0.000000] BIOS-e820: [mem 0x00000000fee00000-0x00000000fee00fff] reserved
[    0.000000] BIOS-e820: [mem 0x00000000fffc0000-0x00000000ffffffff] reserved
[    0.000000] NX (Execute Disable) protection: active
[    0.000000] SMBIOS 2.5 present.
[    0.000000] Hypervisor detected: KVM
[    0.000000] e820: last_pfn = 0x7fff0 max_arch_pfn = 0x400000000
[    0.000000] MTRR: Disabled
[    0.000000] x86/PAT: MTRRs disabled, skipping PAT initialization too.
[    0.000000] CPU MTRRs all blank - virtualized system.
[    0.000000] x86/PAT: Configuration [0-7]: WB  WT  UC- UC  WB  WT  UC- UC  
[    0.000000] found SMP MP-table at [mem 0x0009fff0-0x0009ffff] mapped at [ffff88000009fff0]
[    0.000000] Scanning 1 areas for low memory corruption
[    0.000000] RAMDISK: [mem 0x36adc000-0x37565fff]
[    0.000000] ACPI: Early table checksum verification disabled
[    0.000000] ACPI: RSDP 0x00000000000E0000 000024 (v02 VBOX  )
[    0.000000] ACPI: XSDT 0x000000007FFF0030 00003C (v01 VBOX   VBOXXSDT 00000001 ASL  00000061)
[    0.000000] ACPI: FACP 0x000000007FFF00F0 0000F4 (v04 VBOX   VBOXFACP 00000001 ASL  00000061)
[    0.000000] ACPI: DSDT 0x000000007FFF0470 0021FF (v02 VBOX   VBOXBIOS 00000002 INTL 20100528)
[    0.000000] ACPI: FACS 0x000000007FFF0200 000040
[    0.000000] ACPI: FACS 0x000000007FFF0200 000040
[    0.000000] ACPI: APIC 0x000000007FFF0240 00005C (v02 VBOX   VBOXAPIC 00000001 ASL  00000061)
[    0.000000] ACPI: SSDT 0x000000007FFF02A0 0001CC (v01 VBOX   VBOXCPUT 00000002 INTL 20100528)
[    0.000000] No NUMA configuration found
[    0.000000] Faking a node at [mem 0x0000000000000000-0x000000007ffeffff]
[    0.000000] NODE_DATA(0) allocated [mem 0x7ffeb000-0x7ffeffff]
[    0.000000] kvm-clock: Using msrs 4b564d01 and 4b564d00
[    0.000000] kvm-clock: cpu 0, msr 0:7ffe3001, primary cpu clock
[    0.000000] kvm-clock: using sched offset of 7702371239 cycles
[    0.000000] clocksource: kvm-clock: mask: 0xffffffffffffffff max_cycles: 0x1cd42e4dffb, max_idle_ns: 881590591483 ns
[    0.000000] Zone ranges:
[    0.000000]   DMA      [mem 0x0000000000001000-0x0000000000ffffff]
[    0.000000]   DMA32    [mem 0x0000000001000000-0x000000007ffeffff]
[    0.000000]   Normal   empty
[    0.000000]   Device   empty
[    0.000000] Movable zone start for each node
[    0.000000] Early memory node ranges
[    0.000000]   node   0: [mem 0x0000000000001000-0x000000000009efff]
[    0.000000]   node   0: [mem 0x0000000000100000-0x000000007ffeffff]
[    0.000000] Initmem setup node 0 [mem 0x0000000000001000-0x000000007ffeffff]
[    0.000000] ACPI: PM-Timer IO Port: 0x4008
[    0.000000] IOAPIC[0]: apic_id 2, version 32, address 0xfec00000, GSI 0-23
[    0.000000] ACPI: INT_SRC_OVR (bus 0 bus_irq 0 global_irq 2 dfl dfl)
[    0.000000] ACPI: INT_SRC_OVR (bus 0 bus_irq 9 global_irq 9 low level)
[    0.000000] Using ACPI (MADT) for SMP configuration information
[    0.000000] smpboot: Allowing 2 CPUs, 0 hotplug CPUs
[    0.000000] PM: Registered nosave memory: [mem 0x00000000-0x00000fff]
[    0.000000] PM: Registered nosave memory: [mem 0x0009f000-0x0009ffff]
[    0.000000] PM: Registered nosave memory: [mem 0x000a0000-0x000effff]
[    0.000000] PM: Registered nosave memory: [mem 0x000f0000-0x000fffff]
[    0.000000] e820: [mem 0x80000000-0xfebfffff] available for PCI devices
[    0.000000] Booting paravirtualized kernel on KVM
[    0.000000] clocksource: refined-jiffies: mask: 0xffffffff max_cycles: 0xffffffff, max_idle_ns: 7645519600211568 ns
[    0.000000] setup_percpu: NR_CPUS:512 nr_cpumask_bits:512 nr_cpu_ids:2 nr_node_ids:1
[    0.000000] PERCPU: Embedded 34 pages/cpu @ffff88007fc00000 s99544 r8192 d31528 u1048576
[    0.000000] PV qspinlock hash table entries: 256 (order: 0, 4096 bytes)
[    0.000000] Built 1 zonelists in Node order, mobility grouping on.  Total pages: 515961
[    0.000000] Policy zone: DMA32
[    0.000000] Kernel command line: BOOT_IMAGE=/boot/vmlinuz-4.4.0-112-generic root=LABEL=cloudimg-rootfs ro console=tty1 console=ttyS0
[    0.000000] PID hash table entries: 4096 (order: 3, 32768 bytes)
[    0.000000] Memory: 2033932K/2096696K available (8499K kernel code, 1309K rwdata, 3988K rodata, 1508K init, 1316K bss, 62764K reserved, 0K cma-reserved)
[    0.000000] SLUB: HWalign=64, Order=0-3, MinObjects=0, CPUs=2, Nodes=1
[    0.000000] Kernel/User page tables isolation: enabled
[    0.000000] Hierarchical RCU implementation.
[    0.000000] 	Build-time adjustment of leaf fanout to 64.
[    0.000000] 	RCU restricting CPUs from NR_CPUS=512 to nr_cpu_ids=2.
[    0.000000] RCU: Adjusting geometry for rcu_fanout_leaf=64, nr_cpu_ids=2
[    0.000000] NR_IRQS:33024 nr_irqs:440 16
[    0.000000] Console: colour VGA+ 80x25
[    0.000000] console [tty1] enabled
[    0.000000] console [ttyS0] enabled
[    0.000000] tsc: Detected 2494.226 MHz processor
[    1.274995] Calibrating delay loop (skipped) preset value.. 4988.45 BogoMIPS (lpj=9976904)
[    1.287409] pid_max: default: 32768 minimum: 301
[    1.294043] ACPI: Core revision 20150930
[    1.305910] ACPI: 2 ACPI AML tables successfully acquired and loaded
[    1.314073] Security Framework initialized
[    1.319012] Yama: becoming mindful.
[    1.323471] AppArmor: AppArmor initialized
[    1.334900] Dentry cache hash table entries: 262144 (order: 9, 2097152 bytes)
[    1.344536] Inode-cache hash table entries: 131072 (order: 8, 1048576 bytes)
[    1.357939] Mount-cache hash table entries: 4096 (order: 3, 32768 bytes)
[    1.364781] Mountpoint-cache hash table entries: 4096 (order: 3, 32768 bytes)
[    1.373032] Initializing cgroup subsys io
[    1.378020] Initializing cgroup subsys memory
[    1.383301] Initializing cgroup subsys devices
[    1.388584] Initializing cgroup subsys freezer
[    1.393865] Initializing cgroup subsys net_cls
[    1.399126] Initializing cgroup subsys perf_event
[    1.404733] Initializing cgroup subsys net_prio
[    1.410168] Initializing cgroup subsys hugetlb
[    1.415605] Initializing cgroup subsys pids
[    1.421074] CPU: Physical Processor ID: 0
[    1.426042] CPU: Processor Core ID: 0
[    1.430697] FEATURE SPEC_CTRL Not Present
[    1.436778] mce: CPU supports 0 MCE banks
[    1.442175] Last level iTLB entries: 4KB 1024, 2MB 1024, 4MB 1024
[    1.449345] Last level dTLB entries: 4KB 1024, 2MB 1024, 4MB 1024, 1GB 4
[    1.468818] Freeing SMP alternatives memory: 32K
[    1.519843] ftrace: allocating 32180 entries in 126 pages
[    1.796790] smpboot: APIC(0) Converting physical 0 to logical package 0
[    1.808781] smpboot: Max logical packages: 1
[    1.817244] x2apic enabled
[    1.823654] Switched APIC routing to physical x2apic.
[    1.836176] ..TIMER: vector=0x30 apic1=0 pin1=2 apic2=-1 pin2=-1
[    1.948765] smpboot: CPU0: Intel(R) Core(TM) i5-4300U CPU @ 1.90GHz (family: 0x6, model: 0x45, stepping: 0x1)
[    1.962603] Performance Events: unsupported p6 CPU model 69 no PMU driver, software events only.
[    1.974233] KVM setup paravirtual spinlock
[    1.986484] x86: Booting SMP configuration:
[    1.992362] .... node  #0, CPUs:      #1
[    1.997934] kvm-clock: cpu 1, msr 0:7ffe3041, secondary cpu clock
[    2.012786] mce: CPU supports 0 MCE banks
[    2.018600] x86: Booted up 1 node, 2 CPUs
[    2.025079] smpboot: Total of 2 processors activated (9976.90 BogoMIPS)
[    2.035056] devtmpfs: initialized
[    2.058863] evm: security.selinux
[    2.064555] evm: security.SMACK64
[    2.069428] evm: security.SMACK64EXEC
[    2.075960] evm: security.SMACK64TRANSMUTE
[    2.082379] evm: security.SMACK64MMAP
[    2.088150] evm: security.ima
[    2.092474] evm: security.capability
[    2.098873] clocksource: jiffies: mask: 0xffffffff max_cycles: 0xffffffff, max_idle_ns: 7645041785100000 ns
[    2.110795] futex hash table entries: 512 (order: 3, 32768 bytes)
[    2.119365] pinctrl core: initialized pinctrl subsystem
[    2.125864] RTC time: 10:54:47, date: 04/21/18
[    2.131797] NET: Registered protocol family 16
[    2.150609] cpuidle: using governor ladder
[    2.167224] cpuidle: using governor menu
[    2.172743] PCCT header not found.
[    2.178354] ACPI: bus type PCI registered
[    2.183928] acpiphp: ACPI Hot Plug PCI Controller Driver version: 0.5
[    2.193836] PCI: Using configuration type 1 for base access
[    2.216416] ACPI: Added _OSI(Module Device)
[    2.222365] ACPI: Added _OSI(Processor Device)
[    2.228390] ACPI: Added _OSI(3.0 _SCP Extensions)
[    2.235428] ACPI: Added _OSI(Processor Aggregator Device)
[    2.245980] ACPI: Executed 1 blocks of module-level executable AML code
[    2.264666] ACPI: Interpreter enabled
[    2.269973] ACPI: (supports S0 S5)
[    2.274878] ACPI: Using IOAPIC for interrupt routing
[    2.282444] PCI: Using host bridge windows from ACPI; if necessary, use "pci=nocrs" and report a bug
[    2.313571] ACPI: PCI Root Bridge [PCI0] (domain 0000 [bus 00-ff])
[    2.321898] acpi PNP0A03:00: _OSC: OS supports [ASPM ClockPM Segments MSI]
[    2.332183] acpi PNP0A03:00: _OSC: not requesting OS control; OS requires [ExtendedConfig ASPM ClockPM MSI]
[    2.345592] acpi PNP0A03:00: fail to add MMCONFIG information, can't access extended PCI configuration space under this bridge.
[    2.361221] PCI host bridge to bus 0000:00
[    2.366866] pci_bus 0000:00: root bus resource [io  0x0000-0x0cf7 window]
[    2.376360] pci_bus 0000:00: root bus resource [io  0x0d00-0xffff window]
[    2.384990] pci_bus 0000:00: root bus resource [mem 0x000a0000-0x000bffff window]
[    2.395589] pci_bus 0000:00: root bus resource [mem 0x80000000-0xfdffffff window]
[    2.405886] pci_bus 0000:00: root bus resource [bus 00-ff]
[    2.425303] pci 0000:00:01.1: legacy IDE quirk: reg 0x10: [io  0x01f0-0x01f7]
[    2.434560] pci 0000:00:01.1: legacy IDE quirk: reg 0x14: [io  0x03f6]
[    2.443935] pci 0000:00:01.1: legacy IDE quirk: reg 0x18: [io  0x0170-0x0177]
[    2.453655] pci 0000:00:01.1: legacy IDE quirk: reg 0x1c: [io  0x0376]
[    2.529015] pci 0000:00:07.0: quirk: [io  0x4000-0x403f] claimed by PIIX4 ACPI
[    2.599236] pci 0000:00:07.0: quirk: [io  0x4100-0x410f] claimed by PIIX4 SMB
[    2.654015] ACPI: PCI Interrupt Link [LNKA] (IRQs 5 9 10 *11)
[    2.667120] ACPI: PCI Interrupt Link [LNKB] (IRQs 5 9 *10 11)
[    2.677885] ACPI: PCI Interrupt Link [LNKC] (IRQs 5 *9 10 11)
[    2.689823] ACPI: PCI Interrupt Link [LNKD] (IRQs 5 9 10 *11)
[    2.700617] ACPI: Enabled 2 GPEs in block 00 to 07
[    2.710307] vgaarb: setting as boot device: PCI:0000:00:02.0
[    2.718259] vgaarb: device added: PCI:0000:00:02.0,decodes=io+mem,owns=io+mem,locks=none
[    2.731130] vgaarb: loaded
[    2.736376] vgaarb: bridge control possible 0000:00:02.0
[    2.744866] SCSI subsystem initialized
[    2.751336] ACPI: bus type USB registered
[    2.758431] usbcore: registered new interface driver usbfs
[    2.768436] usbcore: registered new interface driver hub
[    2.776768] usbcore: registered new device driver usb
[    2.785397] PCI: Using ACPI for IRQ routing
[    2.793587] NetLabel: Initializing
[    2.799261] NetLabel:  domain hash size = 128
[    2.805832] NetLabel:  protocols = UNLABELED CIPSOv4
[    2.813868] NetLabel:  unlabeled traffic allowed by default
[    2.822244] amd_nb: Cannot enumerate AMD northbridges
[    2.829417] clocksource: Switched to clocksource kvm-clock
[    2.872061] AppArmor: AppArmor Filesystem Enabled
[    2.878158] pnp: PnP ACPI init
[    2.887459] pnp: PnP ACPI: found 3 devices
[    2.920370] clocksource: acpi_pm: mask: 0xffffff max_cycles: 0xffffff, max_idle_ns: 2085701024 ns
[    2.932857] NET: Registered protocol family 2
[    2.939013] TCP established hash table entries: 16384 (order: 5, 131072 bytes)
[    2.949107] TCP bind hash table entries: 16384 (order: 6, 262144 bytes)
[    2.957179] TCP: Hash tables configured (established 16384 bind 16384)
[    2.965144] UDP hash table entries: 1024 (order: 3, 32768 bytes)
[    2.972425] UDP-Lite hash table entries: 1024 (order: 3, 32768 bytes)
[    2.980408] NET: Registered protocol family 1
[    2.987223] pci 0000:00:00.0: Limiting direct PCI/PCI transfers
[    2.995060] pci 0000:00:01.0: Activating ISA DMA hang workarounds
[    3.004644] Unpacking initramfs...
[   11.514571] Freeing initrd memory: 10792K
[   11.520111] RAPL PMU detected, API unit is 2^-32 Joules, 4 fixed counters 10737418240 ms ovfl timer
[   11.531345] hw unit of domain pp0-core 2^-0 Joules
[   11.537469] hw unit of domain package 2^-0 Joules
[   11.543257] hw unit of domain dram 2^-0 Joules
[   11.548940] hw unit of domain pp1-gpu 2^-0 Joules
[   11.555431] platform rtc_cmos: registered platform RTC device (no PNP device found)
[   11.566589] Scanning for low memory corruption every 60 seconds
[   11.578374] audit: initializing netlink subsys (disabled)
[   11.585975] audit: type=2000 audit(1524308105.208:1): initialized
[   11.594065] Initialise system trusted keyring
[   11.599980] HugeTLB registered 2 MB page size, pre-allocated 0 pages
[   11.611659] zbud: loaded
[   11.616014] VFS: Disk quotas dquot_6.6.0
[   11.621027] VFS: Dquot-cache hash table entries: 512 (order 0, 4096 bytes)
[   11.629469] squashfs: version 4.0 (2009/01/31) Phillip Lougher
[   11.636996] fuse init (API version 7.23)
[   11.642663] Key type big_key registered
[   11.648636] Allocating IMA MOK and blacklist keyrings.
[   11.659375] Key type asymmetric registered
[   11.665480] Asymmetric key parser 'x509' registered
[   11.671878] Block layer SCSI generic (bsg) driver version 0.4 loaded (major 249)
[   11.683104] io scheduler noop registered
[   11.687958] io scheduler deadline registered (default)
[   11.695405] io scheduler cfq registered
[   11.701207] pci_hotplug: PCI Hot Plug PCI Core version: 0.5
[   11.708818] pciehp: PCI Express Hot Plug Controller Driver version: 0.4
[   11.716990] ACPI: AC Adapter [AC] (off-line)
[   11.723639] input: Power Button as /devices/LNXSYSTM:00/LNXPWRBN:00/input/input0
[   11.734401] ACPI: Power Button [PWRF]
[   11.739916] input: Sleep Button as /devices/LNXSYSTM:00/LNXSLPBN:00/input/input1
[   11.750091] ACPI: Sleep Button [SLPF]
[   11.759046] ACPI: Battery Slot [BAT0] (battery present)
[   11.761519] GHES: HEST is not enabled!
[   11.765617] Serial: 8250/16550 driver, 32 ports, IRQ sharing enabled
[   11.806298] 00:02: ttyS0 at I/O 0x3f8 (irq = 4, base_baud = 115200) is a 16550A
[   11.816520] Linux agpgart interface v0.103
[   11.828593] loop: module loaded
[   11.833501] scsi host0: ata_piix
[   11.833697] scsi host1: ata_piix
[   11.833814] ata1: PATA max UDMA/33 cmd 0x1f0 ctl 0x3f6 bmdma 0xd000 irq 14
[   11.833817] ata2: PATA max UDMA/33 cmd 0x170 ctl 0x376 bmdma 0xd008 irq 15
[   11.834191] libphy: Fixed MDIO Bus: probed
[   11.834197] tun: Universal TUN/TAP device driver, 1.6
[   11.834198] tun: (C) 1999-2004 Max Krasnyansky <maxk@qualcomm.com>
[   11.834342] PPP generic driver version 2.4.2
[   11.834482] ehci_hcd: USB 2.0 'Enhanced' Host Controller (EHCI) Driver
[   11.834491] ehci-pci: EHCI PCI platform driver
[   11.834538] ehci-platform: EHCI generic platform driver
[   11.834561] ohci_hcd: USB 1.1 'Open' Host Controller (OHCI) Driver
[   11.834569] ohci-pci: OHCI PCI platform driver
[   11.834596] ohci-platform: OHCI generic platform driver
[   11.834617] uhci_hcd: USB Universal Host Controller Interface driver
[   11.834785] i8042: PNP: PS/2 Controller [PNP0303:PS2K,PNP0f03:PS2M] at 0x60,0x64 irq 1,12
[   11.836713] serio: i8042 KBD port at 0x60,0x64 irq 1
[   11.836722] serio: i8042 AUX port at 0x60,0x64 irq 12
[   11.837252] mousedev: PS/2 mouse device common for all mice
[   11.838380] input: AT Translated Set 2 keyboard as /devices/platform/i8042/serio0/input/input2
[   11.840212] rtc_cmos rtc_cmos: rtc core: registered rtc_cmos as rtc0
[   11.840495] rtc_cmos rtc_cmos: alarms up to one day, 114 bytes nvram
[   11.840511] i2c /dev entries driver
[   11.840672] device-mapper: uevent: version 1.0.3
[   11.840901] device-mapper: ioctl: 4.34.0-ioctl (2015-10-28) initialised: dm-devel@redhat.com
[   11.840947] ledtrig-cpu: registered to indicate activity on CPUs
[   11.841929] NET: Registered protocol family 10
[   11.842328] NET: Registered protocol family 17
[   11.842348] Key type dns_resolver registered
[   11.842890] microcode: CPU0 sig=0x40651, pf=0x40, revision=0x0
[   11.846519] microcode: CPU1 sig=0x40651, pf=0x40, revision=0x0
[   11.846769] microcode: Microcode Update Driver: v2.01 <tigran@aivazian.fsnet.co.uk>, Peter Oruba
[   11.847131] registered taskstats version 1
[   11.847167] Loading compiled-in X.509 certificates
[   11.849069] Loaded X.509 cert 'Build time autogenerated kernel key: 4c603087bab8f0a02cb3b4e1fb4c40f507e71ef1'
[   11.849114] zswap: loaded using pool lzo/zbud
[   11.856524] Key type trusted registered
[   11.864471] Key type encrypted registered
[   11.864482] AppArmor: AppArmor sha1 policy hashing enabled
[   11.864489] ima: No TPM chip found, activating TPM-bypass!
[   11.864527] evm: HMAC attrs: 0x1
[   11.866688]   Magic number: 14:515:932
[   11.878889] rtc_cmos rtc_cmos: setting system clock to 2018-04-21 10:54:57 UTC (1524308097)
[   11.879086] BIOS EDD facility v0.16 2004-Jun-25, 0 devices found
[   11.879087] EDD information not available.
[   12.195741] Freeing unused kernel memory: 1508K
[   12.201922] Write protecting the kernel read-only data: 14336k
[   12.211740] Freeing unused kernel memory: 1728K
[   12.219590] Freeing unused kernel memory: 108K
Loading, please wait...
starting version 229
[   12.259512] random: systemd-udevd: uninitialized urandom read (16 bytes read, 3 bits of entropy available)
[   12.260129] random: udevadm: uninitialized urandom read (16 bytes read, 3 bits of entropy available)
[   12.260253] random: udevadm: uninitialized urandom read (16 bytes read, 3 bits of entropy available)
[   12.288699] random: udevadm: uninitialized urandom read (16 bytes read, 3 bits of entropy available)
[   12.288812] random: udevadm: uninitialized urandom read (16 bytes read, 3 bits of entropy available)
[   12.289227] random: udevadm: uninitialized urandom read (16 bytes read, 3 bits of entropy available)
[   12.289385] random: udevadm: uninitialized urandom read (16 bytes read, 3 bits of entropy available)
[   12.289614] random: udevadm: uninitialized urandom read (16 bytes read, 3 bits of entropy available)
[   12.289878] random: udevadm: uninitialized urandom read (16 bytes read, 3 bits of entropy available)
[   12.290037] random: udevadm: uninitialized urandom read (16 bytes read, 3 bits of entropy available)
[   12.492447] Fusion MPT base driver 3.04.20
[   12.504927] Copyright (c) 1999-2008 LSI Corporation
[   12.550679] e1000: Intel(R) PRO/1000 Network Driver - version 7.3.21-k8-NAPI
[   12.591089] e1000: Copyright (c) 1999-2006 Intel Corporation.
[   12.651282] AVX2 version of gcm_enc/dec engaged.
[   12.665447] AES CTR mode by8 optimization enabled
[   12.702648] input: ImExPS/2 Generic Explorer Mouse as /devices/platform/i8042/serio1/input/input4
[   12.747643] Fusion MPT SPI Host driver 3.04.20
[   13.657493] e1000 0000:00:03.0 eth0: (PCI:33MHz:32-bit) 02:1f:2a:60:99:e3
[   13.666669] e1000 0000:00:03.0 eth0: Intel(R) PRO/1000 Network Connection
[   14.685546] e1000 0000:00:08.0 eth1: (PCI:33MHz:32-bit) 08:00:27:b7:b5:94
[   14.716680] e1000 0000:00:08.0 eth1: Intel(R) PRO/1000 Network Connection
[   14.728928] e1000 0000:00:08.0 enp0s8: renamed from eth1
[   14.744362] mptbase: ioc0: Initiating bringup
[   14.765150] e1000 0000:00:03.0 enp0s3: renamed from eth0
[   14.826350] ioc0: LSI53C1030 A0: Capabilities={Initiator}
[   15.551334] floppy0: no floppy controllers found
[   15.635673] scsi host2: ioc0: LSI53C1030 A0, FwRev=00000000h, Ports=1, MaxQ=256, IRQ=20
[   15.785315] scsi 2:0:0:0: Direct-Access     VBOX     HARDDISK         1.0  PQ: 0 ANSI: 5
[   15.848436] scsi target2:0:0: Beginning Domain Validation
[   15.860451] scsi target2:0:0: Domain Validation skipping write tests
[   15.869245] scsi target2:0:0: Ending Domain Validation
[   15.876248] scsi target2:0:0: asynchronous
[   15.883657] scsi 2:0:1:0: Direct-Access     VBOX     HARDDISK         1.0  PQ: 0 ANSI: 5
[   15.894447] scsi target2:0:1: Beginning Domain Validation
[   15.906109] scsi target2:0:1: Domain Validation skipping write tests
[   15.913700] scsi target2:0:1: Ending Domain Validation
[   15.921403] scsi target2:0:1: asynchronous
[   15.948273] sd 2:0:0:0: Attached scsi generic sg0 type 0
[   15.948373] sd 2:0:0:0: [sda] 20971520 512-byte logical blocks: (10.7 GB/10.0 GiB)
[   15.948909] sd 2:0:0:0: [sda] Write Protect is off
[   15.949222] sd 2:0:0:0: [sda] Incomplete mode parameter data
[   15.949226] sd 2:0:0:0: [sda] Assuming drive cache: write through
[   15.951925]  sda: sda1
[   15.953900] sd 2:0:0:0: [sda] Attached SCSI disk
[   16.001292] sd 2:0:1:0: [sdb] 20480 512-byte logical blocks: (10.5 MB/10.0 MiB)
[   16.027587] sd 2:0:1:0: Attached scsi generic sg1 type 0
[   16.040454] sd 2:0:1:0: [sdb] Write Protect is off
[   16.054879] sd 2:0:1:0: [sdb] Incomplete mode parameter data
[   16.063869] sd 2:0:1:0: [sdb] Assuming drive cache: write through
[   16.084755] sd 2:0:1:0: [sdb] Attached SCSI disk
Begin: Loading essential drivers ... [   18.983532] md: linear personality registered for level -1
[   18.997054] md: multipath personality registered for level -4
[   19.011032] md: raid0 personality registered for level 0
[   19.025548] md: raid1 personality registered for level 1
[   19.113500] raid6: sse2x1   gen()  1838 MB/s
[   19.185561] raid6: sse2x1   xor()  1292 MB/s
[   19.254250] raid6: sse2x2   gen()  3250 MB/s
[   19.325686] raid6: sse2x2   xor()  1824 MB/s
[   19.397559] raid6: sse2x4   gen()  4877 MB/s
[   19.469838] raid6: sse2x4   xor()  2814 MB/s
[   19.541590] raid6: avx2x1   gen()  4006 MB/s
[   19.613555] raid6: avx2x2   gen()  6280 MB/s
[   19.685603] raid6: avx2x4   gen()  7720 MB/s
[   19.691557] raid6: using algorithm avx2x4 gen() 7720 MB/s
[   19.699398] raid6: using avx2x2 recovery algorithm
[   19.709456] xor: automatically using best checksumming function:
[   19.753810]    avx       : 10980.000 MB/sec
[   19.762953] async_tx: api initialized (async)
[   19.788724] md: raid6 personality registered for level 6
[   19.795914] md: raid5 personality registered for level 5
[   19.802524] md: raid4 personality registered for level 4
[   19.822559] md: raid10 personality registered for level 10
done.
Begin: Running /scripts/init-premount ... done.
Begin: Mounting root file system ... Begin: Running /scripts/local-top ... done.
Begin: Running /scripts/local-premount ... [   19.924710] Btrfs loaded
Scanning for Btrfs filesystems
done.
Warning: fsck not present, so skipping root file system
[   19.995448] EXT4-fs (sda1): mounted filesystem with ordered data mode. Opts: (null)
done.
Begin: Running /scripts/local-bottom ... done.
Begin: Running /scripts/init-bottom ... done.
[   20.218702] systemd[1]: systemd 229 running in system mode. (+PAM +AUDIT +SELINUX +IMA +APPARMOR +SMACK +SYSVINIT +UTMP +LIBCRYPTSETUP +GCRYPT +GNUTLS +ACL +XZ -LZ4 +SECCOMP +BLKID +ELFUTILS +KMOD -IDN)
[   20.243972] systemd[1]: Detected virtualization oracle.
[   20.250930] systemd[1]: Detected architecture x86-64.

Welcome to [1mUbuntu 16.04.3 LTS[0m!

[   20.269091] systemd[1]: Set hostname to <docker>.
[   20.568221] systemd[1]: Listening on Journal Socket (/dev/log).
[[0;32m  OK  [0m] Listening on Journal Socket (/dev/log).
[   20.583483] systemd[1]: Listening on udev Control Socket.
[[0;32m  OK  [0m] Listening on udev Control Socket.
[   20.596733] systemd[1]: Listening on LVM2 poll daemon socket.
[[0;32m  OK  [0m] Listening on LVM2 poll daemon socket.
[   20.610359] systemd[1]: Listening on LVM2 metadata daemon socket.
[[0;32m  OK  [0m] Listening on LVM2 metadata daemon socket.
[   20.625364] systemd[1]: Listening on Syslog Socket.
[[0;32m  OK  [0m] Listening on Syslog Socket.
[   20.637516] systemd[1]: Reached target User and Group Name Lookups.
[[0;32m  OK  [0m] Reached target User and Group Name Lookups.
[   20.652653] systemd[1]: Created slice User and Session Slice.
[[0;32m  OK  [0m] Created slice User and Session Slice.
[   20.678650] systemd[1]: Listening on udev Kernel Socket.
[[0;32m  OK  [0m] Listening on udev Kernel Socket.
[   20.692695] systemd[1]: Listening on Journal Audit Socket.
[[0;32m  OK  [0m] Listening on Journal Audit Socket.
[   20.707234] systemd[1]: Started Trigger resolvconf update for networkd DNS.
[[0;32m  OK  [0m] Started Trigger resolvconf update for networkd DNS.
[   20.726537] systemd[1]: Started Forward Password Requests to Wall Directory Watch.
[[0;32m  OK  [0m] Started Forward Password Requests to Wall Directory Watch.
[   20.756610] systemd[1]: Created slice System Slice.
[[0;32m  OK  [0m] Created slice System Slice.
[   20.780007] systemd[1]: Created slice system-serial\x2dgetty.slice.
[[0;32m  OK  [0m] Created slice system-serial\x2dgetty.slice.
[   20.795955] systemd[1]: Reached target Slices.
[[0;32m  OK  [0m] Reached target Slices.
[   20.808698] systemd[1]: Reached target Encrypted Volumes.
[[0;32m  OK  [0m] Reached target Encrypted Volumes.
[   20.823780] systemd[1]: Set up automount Arbitrary Executable File Formats File System Automount Point.
[[0;32m  OK  [0m] Set up automount Arbitrary Executab...ats File System Automount Point.
[   20.846932] systemd[1]: Listening on Device-mapper event daemon FIFOs.
[[0;32m  OK  [0m] Listening on Device-mapper event daemon FIFOs.
[   20.864003] systemd[1]: Listening on Journal Socket.
[[0;32m  OK  [0m] Listening on Journal Socket.
[   20.890166] systemd[1]: Mounting Debug File System...
         Mounting Debug File System...
[   20.907097] systemd[1]: Starting Uncomplicated firewall...
         Starting Uncomplicated firewall...
[   20.941721] systemd[1]: Starting Nameserver information manager...
         Starting Nameserver information manager...
[   20.957987] systemd[1]: Starting Journal Service...
         Starting Journal Service...
[   20.972258] systemd[1]: Starting Monitoring of LVM2 mirrors, snapshots etc. using dmeventd or progress polling...
         Starting Monitoring of LVM2 mirrors... dmeventd or progress polling...
[   21.025711] systemd[1]: Mounting POSIX Message Queue File System...
         Mounting POSIX Message Queue File System...
[   21.045176] systemd[1]: Starting Remount Root and Kernel File Systems...
[   21.061480] EXT4-fs (sda1): re-mounted. Opts: (null)
         Starting Remount Root and Kernel File Systems...
[   21.106098] systemd[1]: Starting Create list of required static device nodes for the current kernel...
         Starting Create list of required st... nodes for the current kernel...
[   21.134014] systemd[1]: Mounting Huge Pages File System...
         Mounting Huge Pages File System...
[   21.148211] systemd[1]: Starting Set console keymap...
         Starting Set console keymap...
[   21.176784] systemd[1]: Starting Load Kernel Modules...
         Starting Load Kernel Modules...
[   21.204718] systemd[1]: Listening on /dev/initctl Compatibility Named Pipe.
[   21.215304] Loading iSCSI transport class v2.0-870.
[[0;32m  OK  [0m] Listening on /dev/initctl Compatibility Named Pipe.
[   21.229379] systemd[1]: Reached target Swap.
[[0;32m  OK  [0m] Reached target Swap.
[   21.258908] iscsi: registered transport (tcp)
[   21.268529] systemd[1]: Mounted Huge Pages File System.
[[0;32m  OK  [0m] Mounted Huge Pages File System.
[   21.314234] systemd[1]: Mounted Debug File System.
[   21.331908] random: nonblocking pool is initialized
[[0;32m  OK  [0m] Mounted Debug File System.
[   21.360229] systemd[1]: Mounted POSIX Message Queue File System.
[[0;32m  OK  [0m] Mounted POSIX Message Queue File System.
[   21.387949] systemd[1]: Started Journal Service.
[[0;32m  OK  [0m] Started Journal Service.
[   21.420995] iscsi: registered transport (iser)
[[0;32m  OK  [0m] Started Uncomplicated firewall.
[[0;32m  OK  [0m] Started Remount Root and Kernel File Systems.
[[0;32m  OK  [0m] Started Create list of required sta...ce nodes for the current kernel.
[[0;32m  OK  [0m] Started Set console keymap.
[[0;32m  OK  [0m] Started Load Kernel Modules.
[[0;32m  OK  [0m] Started Nameserver information manager.
[[0;32m  OK  [0m] Started LVM2 metadata daemon.
         Starting Apply Kernel Variables...
         Mounting FUSE Control File System...
         Starting Create Static Device Nodes in /dev...
         Starting Initial cloud-init job (pre-networking)...
         Starting Load/Save Random Seed...
         Starting udev Coldplug all Devices...
         Starting Flush Journal to Persistent Storage...
[[0;32m  OK  [0m] Mounted FUSE Control File System.
[[0;32m  OK  [0m] Started Apply Kernel Variables.
[[0;32m  OK  [0m] Started Create Static Device Nodes in /dev.
[[0;32m  OK  [0m] Started Load/Save Random Seed.
[[0;32m  OK  [0m] Started udev Coldplug all Devices.
[[0;32m  OK  [0m] Started Monitoring of LVM2 mirrors,...ng dmeventd or progress polling.
[[0;32m  OK  [0m] Started Flush Journal to Persistent Storage.
         Starting udev Kernel Device Manager...
[[0;32m  OK  [0m] Started udev Kernel Device Manager.
[[0;32m  OK  [0m] Started Dispatch Password Requests to Console Directory Watch.
[[0;32m  OK  [0m] Reached target Local File Systems (Pre).
[[0;32m  OK  [0m] Reached target Local File Systems.
         Starting Tell Plymouth To Write Out Runtime Data...
         Starting Create Volatile Files and Directories...
         Starting LSB: AppArmor initialization...
         Starting Set console font and keymap...
[[0;32m  OK  [0m] Started Tell Plymouth To Write Out Runtime Data.
[[0;32m  OK  [0m] Started Create Volatile Files and Directories.
[[0;32m  OK  [0m] Reached target System Time Synchronized.
         Starting Update UTMP about System Boot/Shutdown...
[[0;32m  OK  [0m] Started Update UTMP about System Boot/Shutdown.
[[0;32m  OK  [0m] Started LSB: AppArmor initialization.
[[0;32m  OK  [0m] Found device /dev/ttyS0.
[[0;32m  OK  [0m] Found device 82540EM Gigabit Ethern...r (PRO/1000 MT Desktop Adapter).
[[0;32m  OK  [0m] Listening on Load/Save RF Kill Switch Status /dev/rfkill Watch.
[[0;32m  OK  [0m] Found device 82540EM Gigabit Ethern...r (PRO/1000 MT Desktop Adapter).
[   23.690167] cloud-init[450]: Cloud-init v. 17.1 running 'init-local' at Sat, 21 Apr 2018 10:55:10 +0000. Up 22.89 seconds.
[[0;32m  OK  [0m] Started Initial cloud-init job (pre-networking).
[[0;32m  OK  [0m] Reached target Network (Pre).
[[0;32m  OK  [0m] Started ifup for enp0s3.
[[0;32m  OK  [0m] Started ifup for enp0s8.
         Starting Raise network interfaces...
[[0;32m  OK  [0m] Started Set console font and keymap.
[[0;32m  OK  [0m] Created slice system-getty.slice.
[[0;32m  OK  [0m] Started Raise network interfaces.
[[0;32m  OK  [0m] Reached target Network.
         Starting Initial cloud-init job (metadata service crawler)...
[   28.432344] cloud-init[1058]: Cloud-init v. 17.1 running 'init' at Sat, 21 Apr 2018 10:55:15 +0000. Up 27.60 seconds.
[   28.444639] cloud-init[1058]: ci-info: ++++++++++++++++++++++++++++++++++++++Net device info++++++++++++++++++++++++++++++++++++++
[   28.458278] cloud-init[1058]: ci-info: +--------+------+-----------------------------+---------------+-------+-------------------+
[   28.469646] cloud-init[1058]: ci-info: | Device |  Up  |           Address           |      Mask     | Scope |     Hw-Address    |
[   28.482345] cloud-init[1058]: ci-info: +--------+------+-----------------------------+---------------+-------+-------------------+
[   28.494596] cloud-init[1058]: ci-info: | enp0s3 | True |          10.0.2.15          | 255.255.255.0 |   .   | 02:1f:2a:60:99:e3 |
[   28.507961] cloud-init[1058]: ci-info: | enp0s3 | True |  fe80::1f:2aff:fe60:99e3/64 |       .       |  link | 02:1f:2a:60:99:e3 |
[   28.520888] cloud-init[1058]: ci-info: | enp0s8 | True |        192.168.60.101       | 255.255.255.0 |   .   | 08:00:27:b7:b5:94 |
[   28.538962] cloud-init[1058]: ci-info: | enp0s8 | True | fe80::a00:27ff:feb7:b594/64 |       .       |  link | 08:00:27:b7:b5:94 |
[   28.553607] cloud-init[1058]: ci-info: |   lo   | True |          127.0.0.1          |   255.0.0.0   |   .   |         .         |
[   28.567787] cloud-init[1058]: ci-info: |   lo   | True |           ::1/128           |       .       |  host |         .         |
[   28.582143] cloud-init[1058]: ci-info: +--------+------+-----------------------------+---------------+-------+-------------------+
[   28.596748] cloud-init[1058]: ci-info: ++++++++++++++++++++++++++++Route IPv4 info++++++++++++++++++++++++++++
[   28.608688] cloud-init[1058]: ci-info: +-------+--------------+----------+---------------+-----------+-------+
[   28.620802] cloud-init[1058]: ci-info: | Route | Destination  | Gateway  |    Genmask    | Interface | Flags |
[   28.634032] cloud-init[1058]: ci-info: +-------+--------------+----------+---------------+-----------+-------+
[   28.646015] cloud-init[1058]: ci-info: |   0   |   0.0.0.0    | 10.0.2.2 |    0.0.0.0    |   enp0s3  |   UG  |
[   28.657045] cloud-init[1058]: ci-info: |   1   |   10.0.2.0   | 0.0.0.0  | 255.255.255.0 |   enp0s3  |   U   |
[   28.668006] cloud-init[1058]: ci-info: |   2   | 192.168.60.0 | 0.0.0.0  | 255.255.255.0 |   enp0s8  |   U   |
[   28.678625] cloud-init[1058]: ci-info: +-------+--------------+----------+---------------+-----------+-------+
[[0;32m  OK  [0m] Started Initial cloud-init job (metadata service crawler).
[[0;32m  OK  [0m] Reached target System Initialization.
         Starting Socket activation for snappy daemon.
[[0;32m  OK  [0m] Started Daily Cleanup of Temporary Directories.
         Starting LXD - unix socket.
         Starting Docker Socket for the API.
[[0;32m  OK  [0m] Started ACPI Events Check.
[[0;32m  OK  [0m] Reached target Paths.
[[0;32m  OK  [0m] Started Timer to automatically refresh installed snaps.
[[0;32m  OK  [0m] Listening on UUID daemon activation socket.
[[0;32m  OK  [0m] Listening on ACPID Listen Socket.
[[0;32m  OK  [0m] Listening on D-Bus System Message Bus Socket.
[[0;32m  OK  [0m] Reached target Cloud-config availability.
[[0;32m  OK  [0m] Reached target Network is Online.
         Starting iSCSI initiator daemon (iscsid)...
[[0;32m  OK  [0m] Started Daily apt download activities.
[[0;32m  OK  [0m] Started Daily apt upgrade and clean activities.
[[0;32m  OK  [0m] Reached target Timers.
[[0;32m  OK  [0m] Listening on Socket activation for snappy daemon.
[[0;32m  OK  [0m] Listening on LXD - unix socket.
[[0;32m  OK  [0m] Listening on Docker Socket for the API.
[[0;32m  OK  [0m] Started iSCSI initiator daemon (iscsid).
         Starting Login to default iSCSI targets...
[[0;32m  OK  [0m] Reached target Sockets.
[[0;32m  OK  [0m] Reached target Basic System.
         Starting Accounts Service...
[[0;32m  OK  [0m] Started FUSE filesystem for LXC.
         Starting System Logging Service...
         Starting LSB: Record successful boot for GRUB...
[[0;32m  OK  [0m] Started Unattended Upgrades Shutdown.
         Starting Apply the settings specified in cloud-config...
         Starting LXD - container startup/shutdown...
[[0;32m  OK  [0m] Started ACPI event daemon.
         Starting /etc/rc.local Compatibility...
         Starting LSB: MD monitoring daemon...
[[0;32m  OK  [0m] Started D-Bus System Message Bus.
         Starting Login Service...
         Starting Docker Application Container Engine...
[[0;32m  OK  [0m] Started Deferred execution scheduler.
         Starting OpenBSD Secure Shell server...
[[0;32m  OK  [0m] Started Regular background program processing daemon.
         Starting Snappy daemon...
[[0;32m  OK  [0m] Started System Logging Service.
[[0;32m  OK  [0m] Started LXD - container startup/shutdown.
[[0;32m  OK  [0m] Started /etc/rc.local Compatibility.
[[0;32m  OK  [0m] Started OpenBSD Secure Shell server.
[[0;32m  OK  [0m] Started Login to default iSCSI targets.
[[0;32m  OK  [0m] Started LSB: Record successful boot for GRUB.
[[0;32m  OK  [0m] Started LSB: MD monitoring daemon.
[[0;32m  OK  [0m] Started Snappy daemon.
[[0;32m  OK  [0m] Started Login Service.
         Starting Authenticate and Authorize Users to Run Privileged Tasks...
[[0;32m  OK  [0m] Reached target Remote File Systems (Pre).
[[0;32m  OK  [0m] Reached target Remote File Systems.
         Starting LSB: automatic crash report generation...
         Starting LSB: Set the CPU Frequency Scaling governor to "ondemand"...
         Starting LSB: daemon to balance interrupts for SMP systems...
         Starting Permit User Sessions...
         Starting LSB: VirtualBox Linux Additions...
[[0;32m  OK  [0m] Started Permit User Sessions.
[[0;32m  OK  [0m] Started Authenticate and Authorize Users to Run Privileged Tasks.
[[0;32m  OK  [0m] Started Accounts Service.
[[0;32m  OK  [0m] Started LSB: Set the CPU Frequency Scaling governor to "ondemand".
[[0;32m  OK  [0m] Started LSB: automatic crash report generation.
         Starting Hold until boot process finishes up...
         Starting Terminate Plymouth Boot Screen...
[[0;32m  OK  [0m] Started LSB: daemon to balance interrupts for SMP systems.
[[0;32m  OK  [0m] Started Hold until boot process finishes up.
[[0;32m  OK  [0m] Started Terminate Plymouth Boot Screen.
         Starting Set console scheme...
[[0;32m  OK  [0m] Started Getty on tty1.
[[0;32m  OK  [0m] Started Serial Getty on ttyS0.
[[0;32m  OK  [0m] Reached target Login Prompts.
[[0;32m  OK  [0m] Started LSB: VirtualBox Linux Additions.
[[0;32m  OK  [0m] Started Set console scheme.
[[0;32m  OK  [0m] Created slice User Slice of vagrant.
         Starting User Manager for UID 1000...
[[0;32m  OK  [0m] Started Session 1 of user vagrant.
[[0;32m  OK  [0m] Started User Manager for UID 1000.
[   32.102452] cloud-init[1131]: Cloud-init v. 17.1 running 'modules:config' at Sat, 21 Apr 2018 10:55:18 +0000. Up 31.40 seconds.
[[0;32m  OK  [0m] Started Apply the settings specified in cloud-config.
[[0;32m  OK  [0m] Started Docker Application Container Engine.
[[0;32m  OK  [0m] Reached target Multi-User System.
         Starting Execute cloud user/final scripts...
[[0;32m  OK  [0m] Reached target Graphical Interface.
         Starting Update UTMP about System Runlevel Changes...
[[0;32m  OK  [0m] Started Update UTMP about System Runlevel Changes.
[   35.011145] cloud-init[1533]: Cloud-init v. 17.1 running 'modules:final' at Sat, 21 Apr 2018 10:55:22 +0000. Up 34.48 seconds.
[   35.023673] cloud-init[1533]: Cloud-init v. 17.1 finished at Sat, 21 Apr 2018 10:55:22 +0000. Datasource DataSourceNoCloud [seed=/dev/sdb][dsmode=net].  Up 34.98 seconds
[[0;32m  OK  [0m] Started Execute cloud user/final scripts.
[[0;32m  OK  [0m] Reached target Cloud-init target.

Ubuntu 16.04.3 LTS docker ttyS0

docker login: 